-------------------------------------------------------------------------------
Test set: com.parasoft.examples.controller.AutomobileControllerSpringTest
-------------------------------------------------------------------------------
Tests run: 1, Failures: 0, Errors: 1, Skipped: 0, Time elapsed: 0.277 sec <<< FAILURE!
initializationError(com.parasoft.examples.controller.AutomobileControllerSpringTest)  Time elapsed: 0.001 sec  <<< ERROR!
java.lang.VerifyError: Expecting a stackmap frame at branch target 34
Exception Details:
  Location:
    javax/xml/parsers/SAXParserFactory.setXIncludeAware(Z)V @1: ifeq
  Reason:
    Expected stackmap frame at this location.
  Bytecode:
    0x0000000: 1b99 0021 bb00 3d59 bb00 3f59 b700 4012
    0x0000010: 6ab6 0046 2ab6 004a b600 6db6 0060 b700
    0x0000020: 63bf b1                                

	at ch.qos.logback.core.joran.event.SaxEventRecorder.buildSaxParser(SaxEventRecorder.java:79)
	at ch.qos.logback.core.joran.event.SaxEventRecorder.recordEvents(SaxEventRecorder.java:57)
	at ch.qos.logback.core.joran.GenericConfigurator.doConfigure(GenericConfigurator.java:151)
	at ch.qos.logback.core.joran.GenericConfigurator.doConfigure(GenericConfigurator.java:110)
	at ch.qos.logback.core.joran.GenericConfigurator.doConfigure(GenericConfigurator.java:53)
	at ch.qos.logback.classic.util.ContextInitializer.configureByResource(ContextInitializer.java:75)
	at ch.qos.logback.classic.util.ContextInitializer.autoConfig(ContextInitializer.java:150)
	at org.slf4j.impl.StaticLoggerBinder.init(StaticLoggerBinder.java:84)
	at org.slf4j.impl.StaticLoggerBinder.<clinit>(StaticLoggerBinder.java:55)
	at org.slf4j.LoggerFactory.bind(LoggerFactory.java:150)
	at org.slf4j.LoggerFactory.performInitialization(LoggerFactory.java:124)
	at org.slf4j.LoggerFactory.getILoggerFactory(LoggerFactory.java:412)
	at org.slf4j.LoggerFactory.getLogger(LoggerFactory.java:357)
	at org.apache.commons.logging.impl.SLF4JLogFactory.getInstance(SLF4JLogFactory.java:155)
	at org.apache.commons.logging.impl.SLF4JLogFactory.getInstance(SLF4JLogFactory.java:132)
	at org.apache.commons.logging.LogFactory.getLog(LogFactory.java:273)
	at org.springframework.test.context.junit4.SpringJUnit4ClassRunner.<clinit>(SpringJUnit4ClassRunner.java:96)
	at sun.reflect.NativeConstructorAccessorImpl.newInstance0(Native Method)
	at sun.reflect.NativeConstructorAccessorImpl.newInstance(NativeConstructorAccessorImpl.java:62)
	at sun.reflect.DelegatingConstructorAccessorImpl.newInstance(DelegatingConstructorAccessorImpl.java:45)
	at java.lang.reflect.Constructor.newInstance(Constructor.java:423)
	at org.powermock.reflect.internal.WhiteboxImpl.createInstance(WhiteboxImpl.java:1414)
	at org.powermock.reflect.internal.WhiteboxImpl.invokeConstructor(WhiteboxImpl.java:1262)
	at org.powermock.reflect.Whitebox.invokeConstructor(Whitebox.java:497)
	at org.powermock.modules.junit4.internal.impl.DelegatingPowerMockRunner$1.call(DelegatingPowerMockRunner.java:101)
	at org.powermock.modules.junit4.internal.impl.DelegatingPowerMockRunner$1.call(DelegatingPowerMockRunner.java:97)
	at org.powermock.modules.junit4.internal.impl.DelegatingPowerMockRunner.withContextClassLoader(DelegatingPowerMockRunner.java:132)
	at org.powermock.modules.junit4.internal.impl.DelegatingPowerMockRunner.createDelegate(DelegatingPowerMockRunner.java:96)
	at org.powermock.modules.junit4.internal.impl.DelegatingPowerMockRunner.<init>(DelegatingPowerMockRunner.java:64)
	at sun.reflect.NativeConstructorAccessorImpl.newInstance0(Native Method)
	at sun.reflect.NativeConstructorAccessorImpl.newInstance(NativeConstructorAccessorImpl.java:62)
	at sun.reflect.DelegatingConstructorAccessorImpl.newInstance(DelegatingConstructorAccessorImpl.java:45)
	at java.lang.reflect.Constructor.newInstance(Constructor.java:423)
	at org.powermock.modules.junit4.common.internal.impl.JUnit4TestSuiteChunkerImpl.createDelegatorFromClassloader(JUnit4TestSuiteChunkerImpl.java:165)
	at org.powermock.modules.junit4.common.internal.impl.JUnit4TestSuiteChunkerImpl.createDelegatorFromClassloader(JUnit4TestSuiteChunkerImpl.java:47)
	at org.powermock.tests.utils.impl.AbstractTestSuiteChunkerImpl.createTestDelegators(AbstractTestSuiteChunkerImpl.java:107)
	at org.powermock.modules.junit4.common.internal.impl.JUnit4TestSuiteChunkerImpl.<init>(JUnit4TestSuiteChunkerImpl.java:69)
	at org.powermock.modules.junit4.common.internal.impl.AbstractCommonPowerMockRunner.<init>(AbstractCommonPowerMockRunner.java:36)
	at org.powermock.modules.junit4.PowerMockRunner.<init>(PowerMockRunner.java:34)
	at sun.reflect.NativeConstructorAccessorImpl.newInstance0(Native Method)
	at sun.reflect.NativeConstructorAccessorImpl.newInstance(NativeConstructorAccessorImpl.java:62)
	at sun.reflect.DelegatingConstructorAccessorImpl.newInstance(DelegatingConstructorAccessorImpl.java:45)
	at java.lang.reflect.Constructor.newInstance(Constructor.java:423)
	at org.junit.internal.builders.AnnotatedBuilder.buildRunner(AnnotatedBuilder.java:104)
	at org.junit.internal.builders.AnnotatedBuilder.runnerForClass(AnnotatedBuilder.java:86)
	at org.junit.runners.model.RunnerBuilder.safeRunnerForClass(RunnerBuilder.java:59)
	at org.junit.internal.builders.AllDefaultPossibilitiesBuilder.runnerForClass(AllDefaultPossibilitiesBuilder.java:26)
	at org.junit.runners.model.RunnerBuilder.safeRunnerForClass(RunnerBuilder.java:59)
	at org.junit.internal.requests.ClassRequest.getRunner(ClassRequest.java:33)
	at org.apache.maven.surefire.junit4.JUnit4Provider.execute(JUnit4Provider.java:250)
	at org.apache.maven.surefire.junit4.JUnit4Provider.executeTestSet(JUnit4Provider.java:141)
	at org.apache.maven.surefire.junit4.JUnit4Provider.invoke(JUnit4Provider.java:112)
	at sun.reflect.NativeMethodAccessorImpl.invoke0(Native Method)
	at sun.reflect.NativeMethodAccessorImpl.invoke(NativeMethodAccessorImpl.java:62)
	at sun.reflect.DelegatingMethodAccessorImpl.invoke(DelegatingMethodAccessorImpl.java:43)
	at java.lang.reflect.Method.invoke(Method.java:498)
	at org.apache.maven.surefire.util.ReflectionUtils.invokeMethodWithArray(ReflectionUtils.java:189)
	at org.apache.maven.surefire.booter.ProviderFactory$ProviderProxy.invoke(ProviderFactory.java:165)
	at org.apache.maven.surefire.booter.ProviderFactory.invokeProvider(ProviderFactory.java:85)
	at org.apache.maven.surefire.booter.ForkedBooter.runSuitesInProcess(ForkedBooter.java:115)
	at org.apache.maven.surefire.booter.ForkedBooter.main(ForkedBooter.java:75)

