<?xml version="1.0" encoding="UTF-8" ?>
<testsuite tests="1" failures="0" name="com.parasoft.examples.controller.PeopleControllerSpringParameterizedTest" time="0.036" errors="1" skipped="0">
  <properties>
[...]
</properties>
  <testcase classname="com.parasoft.examples.controller.PeopleControllerSpringParameterizedTest" name="testSearch(John) [0]" time="0.036">
    <error message="Failed to load ApplicationContext" type="java.lang.IllegalStateException">java.lang.IllegalStateException: Failed to load ApplicationContext
	at org.springframework.test.context.cache.DefaultCacheAwareContextLoaderDelegate.loadContext(DefaultCacheAwareContextLoaderDelegate.java:124)
	at org.springframework.test.context.support.DefaultTestContext.getApplicationContext(DefaultTestContext.java:83)
	at org.springframework.test.context.support.DependencyInjectionTestExecutionListener.injectDependencies(DependencyInjectionTestExecutionListener.java:117)
	at org.springframework.test.context.support.DependencyInjectionTestExecutionListener.prepareTestInstance(DependencyInjectionTestExecutionListener.java:83)
	at org.springframework.test.context.TestContextManager.prepareTestInstance(TestContextManager.java:230)
	at com.parasoft.examples.controller.PeopleControllerSpringParameterizedTest.setUpContext(PeopleControllerSpringParameterizedTest.java:46)
	at sun.reflect.NativeMethodAccessorImpl.invoke0(Native Method)
	at sun.reflect.NativeMethodAccessorImpl.invoke(NativeMethodAccessorImpl.java:62)
	at sun.reflect.DelegatingMethodAccessorImpl.invoke(DelegatingMethodAccessorImpl.java:43)
	at java.lang.reflect.Method.invoke(Method.java:498)
	at org.junit.runners.model.FrameworkMethod$1.runReflectiveCall(FrameworkMethod.java:50)
	at org.junit.internal.runners.model.ReflectiveCallable.run(ReflectiveCallable.java:12)
	at org.junit.runners.model.FrameworkMethod.invokeExplosively(FrameworkMethod.java:47)
	at org.junit.internal.runners.statements.RunBefores.evaluate(RunBefores.java:24)
	at junitparams.internal.ParameterisedTestMethodRunner.runMethodInvoker(ParameterisedTestMethodRunner.java:47)
	at junitparams.internal.ParameterisedTestMethodRunner.runTestMethod(ParameterisedTestMethodRunner.java:40)
	at junitparams.internal.ParameterisedTestClassRunner.runParameterisedTest(ParameterisedTestClassRunner.java:146)
	at junitparams.JUnitParamsRunner.runChild(JUnitParamsRunner.java:446)
	at junitparams.JUnitParamsRunner.runChild(JUnitParamsRunner.java:393)
	at org.junit.runners.ParentRunner$3.run(ParentRunner.java:290)
	at org.junit.runners.ParentRunner$1.schedule(ParentRunner.java:71)
	at org.junit.runners.ParentRunner.runChildren(ParentRunner.java:288)
	at org.junit.runners.ParentRunner.access$000(ParentRunner.java:58)
	at org.junit.runners.ParentRunner$2.evaluate(ParentRunner.java:268)
	at org.junit.runners.ParentRunner.run(ParentRunner.java:363)
	at org.apache.maven.surefire.junit4.JUnit4Provider.execute(JUnit4Provider.java:252)
	at org.apache.maven.surefire.junit4.JUnit4Provider.executeTestSet(JUnit4Provider.java:141)
	at org.apache.maven.surefire.junit4.JUnit4Provider.invoke(JUnit4Provider.java:112)
	at sun.reflect.NativeMethodAccessorImpl.invoke0(Native Method)
	at sun.reflect.NativeMethodAccessorImpl.invoke(NativeMethodAccessorImpl.java:62)
	at sun.reflect.DelegatingMethodAccessorImpl.invoke(DelegatingMethodAccessorImpl.java:43)
	at java.lang.reflect.Method.invoke(Method.java:498)
	at org.apache.maven.surefire.util.ReflectionUtils.invokeMethodWithArray(ReflectionUtils.java:189)
	at org.apache.maven.surefire.booter.ProviderFactory$ProviderProxy.invoke(ProviderFactory.java:165)
	at org.apache.maven.surefire.booter.ProviderFactory.invokeProvider(ProviderFactory.java:85)
	at org.apache.maven.surefire.booter.ForkedBooter.runSuitesInProcess(ForkedBooter.java:115)
	at org.apache.maven.surefire.booter.ForkedBooter.main(ForkedBooter.java:75)
Caused by: org.springframework.beans.factory.BeanCreationException: Error creating bean with name &apos;getPeopleController&apos; defined in com.parasoft.examples.controller.PeopleControllerSpringParameterizedTest$Config: Bean instantiation via factory method failed; nested exception is org.springframework.beans.BeanInstantiationException: Failed to instantiate [com.parasoft.examples.controller.PeopleController]: Factory method &apos;getPeopleController&apos; threw exception; nested exception is java.lang.VerifyError: Expecting a stackmap frame at branch target 24
Exception Details:
  Location:
    com/parasoft/examples/controller/PeopleController.getPerson(I)Lorg/springframework/http/ResponseEntity; @10: ifnonnull
  Reason:
    Expected stackmap frame at this location.
  Bytecode:
    0x0000000: 2ab4 0016 1bb6 0068 4d2c c700 0ebb 006a
    0x0000010: 59b2 0070 b700 73b0 bb00 6a59 2cb2 0076
    0x0000020: b700 79b0                              

	at org.springframework.beans.factory.support.ConstructorResolver.instantiateUsingFactoryMethod(ConstructorResolver.java:599)
	at org.springframework.beans.factory.support.AbstractAutowireCapableBeanFactory.instantiateUsingFactoryMethod(AbstractAutowireCapableBeanFactory.java:1128)
	at org.springframework.beans.factory.support.AbstractAutowireCapableBeanFactory.createBeanInstance(AbstractAutowireCapableBeanFactory.java:1023)
	at org.springframework.beans.factory.support.AbstractAutowireCapableBeanFactory.doCreateBean(AbstractAutowireCapableBeanFactory.java:510)
	at org.springframework.beans.factory.support.AbstractAutowireCapableBeanFactory.createBean(AbstractAutowireCapableBeanFactory.java:482)
	at org.springframework.beans.factory.support.AbstractBeanFactory$1.getObject(AbstractBeanFactory.java:306)
	at org.springframework.beans.factory.support.DefaultSingletonBeanRegistry.getSingleton(DefaultSingletonBeanRegistry.java:230)
	at org.springframework.beans.factory.support.AbstractBeanFactory.doGetBean(AbstractBeanFactory.java:302)
	at org.springframework.beans.factory.support.AbstractBeanFactory.getBean(AbstractBeanFactory.java:197)
	at org.springframework.beans.factory.support.DefaultListableBeanFactory.preInstantiateSingletons(DefaultListableBeanFactory.java:751)
	at org.springframework.context.support.AbstractApplicationContext.finishBeanFactoryInitialization(AbstractApplicationContext.java:861)
	at org.springframework.context.support.AbstractApplicationContext.refresh(AbstractApplicationContext.java:541)
	at org.springframework.test.context.support.AbstractGenericContextLoader.loadContext(AbstractGenericContextLoader.java:128)
	at org.springframework.test.context.support.AbstractGenericContextLoader.loadContext(AbstractGenericContextLoader.java:60)
	at org.springframework.test.context.support.AbstractDelegatingSmartContextLoader.delegateLoading(AbstractDelegatingSmartContextLoader.java:108)
	at org.springframework.test.context.support.AbstractDelegatingSmartContextLoader.loadContext(AbstractDelegatingSmartContextLoader.java:251)
	at org.springframework.test.context.cache.DefaultCacheAwareContextLoaderDelegate.loadContextInternal(DefaultCacheAwareContextLoaderDelegate.java:98)
	at org.springframework.test.context.cache.DefaultCacheAwareContextLoaderDelegate.loadContext(DefaultCacheAwareContextLoaderDelegate.java:116)
	... 36 more
Caused by: org.springframework.beans.BeanInstantiationException: Failed to instantiate [com.parasoft.examples.controller.PeopleController]: Factory method &apos;getPeopleController&apos; threw exception; nested exception is java.lang.VerifyError: Expecting a stackmap frame at branch target 24
Exception Details:
  Location:
    com/parasoft/examples/controller/PeopleController.getPerson(I)Lorg/springframework/http/ResponseEntity; @10: ifnonnull
  Reason:
    Expected stackmap frame at this location.
  Bytecode:
    0x0000000: 2ab4 0016 1bb6 0068 4d2c c700 0ebb 006a
    0x0000010: 59b2 0070 b700 73b0 bb00 6a59 2cb2 0076
    0x0000020: b700 79b0                              

	at org.springframework.beans.factory.support.SimpleInstantiationStrategy.instantiate(SimpleInstantiationStrategy.java:189)
	at org.springframework.beans.factory.support.ConstructorResolver.instantiateUsingFactoryMethod(ConstructorResolver.java:588)
	... 53 more
Caused by: java.lang.VerifyError: Expecting a stackmap frame at branch target 24
Exception Details:
  Location:
    com/parasoft/examples/controller/PeopleController.getPerson(I)Lorg/springframework/http/ResponseEntity; @10: ifnonnull
  Reason:
    Expected stackmap frame at this location.
  Bytecode:
    0x0000000: 2ab4 0016 1bb6 0068 4d2c c700 0ebb 006a
    0x0000010: 59b2 0070 b700 73b0 bb00 6a59 2cb2 0076
    0x0000020: b700 79b0                              

	at com.parasoft.examples.controller.PeopleControllerSpringParameterizedTest$Config.getPeopleController(PeopleControllerSpringParameterizedTest.java:72)
	at com.parasoft.examples.controller.PeopleControllerSpringParameterizedTest$Config$$EnhancerBySpringCGLIB$$19d606e2.CGLIB$getPeopleController$0(&lt;generated&gt;)
	at com.parasoft.examples.controller.PeopleControllerSpringParameterizedTest$Config$$EnhancerBySpringCGLIB$$19d606e2$$FastClassBySpringCGLIB$$dce33def.invoke(&lt;generated&gt;)
	at org.springframework.cglib.proxy.MethodProxy.invokeSuper(MethodProxy.java:228)
	at org.springframework.context.annotation.ConfigurationClassEnhancer$BeanMethodInterceptor.intercept(ConfigurationClassEnhancer.java:356)
	at com.parasoft.examples.controller.PeopleControllerSpringParameterizedTest$Config$$EnhancerBySpringCGLIB$$19d606e2.getPeopleController(&lt;generated&gt;)
	at sun.reflect.NativeMethodAccessorImpl.invoke0(Native Method)
	at sun.reflect.NativeMethodAccessorImpl.invoke(NativeMethodAccessorImpl.java:62)
	at sun.reflect.DelegatingMethodAccessorImpl.invoke(DelegatingMethodAccessorImpl.java:43)
	at java.lang.reflect.Method.invoke(Method.java:498)
	at org.springframework.beans.factory.support.SimpleInstantiationStrategy.instantiate(SimpleInstantiationStrategy.java:162)
	... 54 more
</error>
    <system-out>2019-05-01 17:17:13 INFO  o.s.t.c.s.AbstractContextLoader:264 - Could not detect default resource locations for test class [com.parasoft.examples.controller.PeopleControllerSpringParameterizedTest]: no resource found for suffixes {-context.xml}.
2019-05-01 17:17:13 INFO  o.s.t.c.s.AbstractDelegatingSmartContextLoader:192 - AnnotationConfigContextLoader detected default configuration classes for context configuration [ContextConfigurationAttributes@df5f5c0 declaringClass = &apos;com.parasoft.examples.controller.PeopleControllerSpringParameterizedTest&apos;, classes = &apos;{class com.parasoft.examples.controller.PeopleControllerSpringParameterizedTest$Config}&apos;, locations = &apos;{}&apos;, inheritLocations = true, initializers = &apos;{}&apos;, inheritInitializers = true, name = [null], contextLoaderClass = &apos;org.springframework.test.context.ContextLoader&apos;].
2019-05-01 17:17:13 INFO  o.s.t.c.s.DefaultTestContextBootstrapper:260 - Loaded default TestExecutionListener class names from location [META-INF/spring.factories]: [org.springframework.test.context.web.ServletTestExecutionListener, org.springframework.test.context.support.DirtiesContextBeforeModesTestExecutionListener, org.springframework.test.context.support.DependencyInjectionTestExecutionListener, org.springframework.test.context.support.DirtiesContextTestExecutionListener, org.springframework.test.context.transaction.TransactionalTestExecutionListener, org.springframework.test.context.jdbc.SqlScriptsTestExecutionListener]
2019-05-01 17:17:13 INFO  o.s.t.c.s.DefaultTestContextBootstrapper:187 - Using TestExecutionListeners: [org.springframework.test.context.web.ServletTestExecutionListener@62577d6, org.springframework.test.context.support.DirtiesContextBeforeModesTestExecutionListener@49bd54f7, org.springframework.test.context.support.DependencyInjectionTestExecutionListener@6b5f8707, org.springframework.test.context.support.DirtiesContextTestExecutionListener@772485dd, org.springframework.test.context.transaction.TransactionalTestExecutionListener@5a12c728, org.springframework.test.context.jdbc.SqlScriptsTestExecutionListener@79ab3a71]
2019-05-01 17:17:13 INFO  o.s.c.s.GenericApplicationContext:581 - Refreshing org.springframework.context.support.GenericApplicationContext@3d829787: startup date [Wed May 01 17:17:13 PDT 2019]; root of context hierarchy
2019-05-01 17:17:14 WARN  o.s.c.s.GenericApplicationContext:549 - Exception encountered during context initialization - cancelling refresh attempt: org.springframework.beans.factory.BeanCreationException: Error creating bean with name &apos;getPeopleController&apos; defined in com.parasoft.examples.controller.PeopleControllerSpringParameterizedTest$Config: Bean instantiation via factory method failed; nested exception is org.springframework.beans.BeanInstantiationException: Failed to instantiate [com.parasoft.examples.controller.PeopleController]: Factory method &apos;getPeopleController&apos; threw exception; nested exception is java.lang.VerifyError: Expecting a stackmap frame at branch target 24
Exception Details:
  Location:
    com/parasoft/examples/controller/PeopleController.getPerson(I)Lorg/springframework/http/ResponseEntity; @10: ifnonnull
  Reason:
    Expected stackmap frame at this location.
  Bytecode:
    0x0000000: 2ab4 0016 1bb6 0068 4d2c c700 0ebb 006a
    0x0000010: 59b2 0070 b700 73b0 bb00 6a59 2cb2 0076
    0x0000020: b700 79b0                              

2019-05-01 17:17:14 ERROR o.s.t.c.TestContextManager:234 - Caught exception while allowing TestExecutionListener [org.springframework.test.context.support.DependencyInjectionTestExecutionListener@6b5f8707] to prepare test instance [com.parasoft.examples.controller.PeopleControllerSpringParameterizedTest@24528a25]
java.lang.IllegalStateException: Failed to load ApplicationContext
	at org.springframework.test.context.cache.DefaultCacheAwareContextLoaderDelegate.loadContext(DefaultCacheAwareContextLoaderDelegate.java:124)
	at org.springframework.test.context.support.DefaultTestContext.getApplicationContext(DefaultTestContext.java:83)
	at org.springframework.test.context.support.DependencyInjectionTestExecutionListener.injectDependencies(DependencyInjectionTestExecutionListener.java:117)
	at org.springframework.test.context.support.DependencyInjectionTestExecutionListener.prepareTestInstance(DependencyInjectionTestExecutionListener.java:83)
	at org.springframework.test.context.TestContextManager.prepareTestInstance(TestContextManager.java:230)
	at com.parasoft.examples.controller.PeopleControllerSpringParameterizedTest.setUpContext(PeopleControllerSpringParameterizedTest.java:46)
	at sun.reflect.NativeMethodAccessorImpl.invoke0(Native Method)
	at sun.reflect.NativeMethodAccessorImpl.invoke(NativeMethodAccessorImpl.java:62)
	at sun.reflect.DelegatingMethodAccessorImpl.invoke(DelegatingMethodAccessorImpl.java:43)
	at java.lang.reflect.Method.invoke(Method.java:498)
	at org.junit.runners.model.FrameworkMethod$1.runReflectiveCall(FrameworkMethod.java:50)
	at org.junit.internal.runners.model.ReflectiveCallable.run(ReflectiveCallable.java:12)
	at org.junit.runners.model.FrameworkMethod.invokeExplosively(FrameworkMethod.java:47)
	at org.junit.internal.runners.statements.RunBefores.evaluate(RunBefores.java:24)
	at junitparams.internal.ParameterisedTestMethodRunner.runMethodInvoker(ParameterisedTestMethodRunner.java:47)
	at junitparams.internal.ParameterisedTestMethodRunner.runTestMethod(ParameterisedTestMethodRunner.java:40)
	at junitparams.internal.ParameterisedTestClassRunner.runParameterisedTest(ParameterisedTestClassRunner.java:146)
	at junitparams.JUnitParamsRunner.runChild(JUnitParamsRunner.java:446)
	at junitparams.JUnitParamsRunner.runChild(JUnitParamsRunner.java:393)
	at org.junit.runners.ParentRunner$3.run(ParentRunner.java:290)
	at org.junit.runners.ParentRunner$1.schedule(ParentRunner.java:71)
	at org.junit.runners.ParentRunner.runChildren(ParentRunner.java:288)
	at org.junit.runners.ParentRunner.access$000(ParentRunner.java:58)
	at org.junit.runners.ParentRunner$2.evaluate(ParentRunner.java:268)
	at org.junit.runners.ParentRunner.run(ParentRunner.java:363)
	at org.apache.maven.surefire.junit4.JUnit4Provider.execute(JUnit4Provider.java:252)
	at org.apache.maven.surefire.junit4.JUnit4Provider.executeTestSet(JUnit4Provider.java:141)
	at org.apache.maven.surefire.junit4.JUnit4Provider.invoke(JUnit4Provider.java:112)
	at sun.reflect.NativeMethodAccessorImpl.invoke0(Native Method)
	at sun.reflect.NativeMethodAccessorImpl.invoke(NativeMethodAccessorImpl.java:62)
	at sun.reflect.DelegatingMethodAccessorImpl.invoke(DelegatingMethodAccessorImpl.java:43)
	at java.lang.reflect.Method.invoke(Method.java:498)
	at org.apache.maven.surefire.util.ReflectionUtils.invokeMethodWithArray(ReflectionUtils.java:189)
	at org.apache.maven.surefire.booter.ProviderFactory$ProviderProxy.invoke(ProviderFactory.java:165)
	at org.apache.maven.surefire.booter.ProviderFactory.invokeProvider(ProviderFactory.java:85)
	at org.apache.maven.surefire.booter.ForkedBooter.runSuitesInProcess(ForkedBooter.java:115)
	at org.apache.maven.surefire.booter.ForkedBooter.main(ForkedBooter.java:75)
Caused by: org.springframework.beans.factory.BeanCreationException: Error creating bean with name &apos;getPeopleController&apos; defined in com.parasoft.examples.controller.PeopleControllerSpringParameterizedTest$Config: Bean instantiation via factory method failed; nested exception is org.springframework.beans.BeanInstantiationException: Failed to instantiate [com.parasoft.examples.controller.PeopleController]: Factory method &apos;getPeopleController&apos; threw exception; nested exception is java.lang.VerifyError: Expecting a stackmap frame at branch target 24
Exception Details:
  Location:
    com/parasoft/examples/controller/PeopleController.getPerson(I)Lorg/springframework/http/ResponseEntity; @10: ifnonnull
  Reason:
    Expected stackmap frame at this location.
  Bytecode:
    0x0000000: 2ab4 0016 1bb6 0068 4d2c c700 0ebb 006a
    0x0000010: 59b2 0070 b700 73b0 bb00 6a59 2cb2 0076
    0x0000020: b700 79b0                              

	at org.springframework.beans.factory.support.ConstructorResolver.instantiateUsingFactoryMethod(ConstructorResolver.java:599)
	at org.springframework.beans.factory.support.AbstractAutowireCapableBeanFactory.instantiateUsingFactoryMethod(AbstractAutowireCapableBeanFactory.java:1128)
	at org.springframework.beans.factory.support.AbstractAutowireCapableBeanFactory.createBeanInstance(AbstractAutowireCapableBeanFactory.java:1023)
	at org.springframework.beans.factory.support.AbstractAutowireCapableBeanFactory.doCreateBean(AbstractAutowireCapableBeanFactory.java:510)
	at org.springframework.beans.factory.support.AbstractAutowireCapableBeanFactory.createBean(AbstractAutowireCapableBeanFactory.java:482)
	at org.springframework.beans.factory.support.AbstractBeanFactory$1.getObject(AbstractBeanFactory.java:306)
	at org.springframework.beans.factory.support.DefaultSingletonBeanRegistry.getSingleton(DefaultSingletonBeanRegistry.java:230)
	at org.springframework.beans.factory.support.AbstractBeanFactory.doGetBean(AbstractBeanFactory.java:302)
	at org.springframework.beans.factory.support.AbstractBeanFactory.getBean(AbstractBeanFactory.java:197)
	at org.springframework.beans.factory.support.DefaultListableBeanFactory.preInstantiateSingletons(DefaultListableBeanFactory.java:751)
	at org.springframework.context.support.AbstractApplicationContext.finishBeanFactoryInitialization(AbstractApplicationContext.java:861)
	at org.springframework.context.support.AbstractApplicationContext.refresh(AbstractApplicationContext.java:541)
	at org.springframework.test.context.support.AbstractGenericContextLoader.loadContext(AbstractGenericContextLoader.java:128)
	at org.springframework.test.context.support.AbstractGenericContextLoader.loadContext(AbstractGenericContextLoader.java:60)
	at org.springframework.test.context.support.AbstractDelegatingSmartContextLoader.delegateLoading(AbstractDelegatingSmartContextLoader.java:108)
	at org.springframework.test.context.support.AbstractDelegatingSmartContextLoader.loadContext(AbstractDelegatingSmartContextLoader.java:251)
	at org.springframework.test.context.cache.DefaultCacheAwareContextLoaderDelegate.loadContextInternal(DefaultCacheAwareContextLoaderDelegate.java:98)
	at org.springframework.test.context.cache.DefaultCacheAwareContextLoaderDelegate.loadContext(DefaultCacheAwareContextLoaderDelegate.java:116)
	... 36 common frames omitted
Caused by: org.springframework.beans.BeanInstantiationException: Failed to instantiate [com.parasoft.examples.controller.PeopleController]: Factory method &apos;getPeopleController&apos; threw exception; nested exception is java.lang.VerifyError: Expecting a stackmap frame at branch target 24
Exception Details:
  Location:
    com/parasoft/examples/controller/PeopleController.getPerson(I)Lorg/springframework/http/ResponseEntity; @10: ifnonnull
  Reason:
    Expected stackmap frame at this location.
  Bytecode:
    0x0000000: 2ab4 0016 1bb6 0068 4d2c c700 0ebb 006a
    0x0000010: 59b2 0070 b700 73b0 bb00 6a59 2cb2 0076
    0x0000020: b700 79b0                              

	at org.springframework.beans.factory.support.SimpleInstantiationStrategy.instantiate(SimpleInstantiationStrategy.java:189)
	at org.springframework.beans.factory.support.ConstructorResolver.instantiateUsingFactoryMethod(ConstructorResolver.java:588)
	... 53 common frames omitted
Caused by: java.lang.VerifyError: Expecting a stackmap frame at branch target 24
Exception Details:
  Location:
    com/parasoft/examples/controller/PeopleController.getPerson(I)Lorg/springframework/http/ResponseEntity; @10: ifnonnull
  Reason:
    Expected stackmap frame at this location.
  Bytecode:
    0x0000000: 2ab4 0016 1bb6 0068 4d2c c700 0ebb 006a
    0x0000010: 59b2 0070 b700 73b0 bb00 6a59 2cb2 0076
    0x0000020: b700 79b0                              

	at com.parasoft.examples.controller.PeopleControllerSpringParameterizedTest$Config.getPeopleController(PeopleControllerSpringParameterizedTest.java:72)
	at com.parasoft.examples.controller.PeopleControllerSpringParameterizedTest$Config$$EnhancerBySpringCGLIB$$19d606e2.CGLIB$getPeopleController$0(&lt;generated&gt;)
	at com.parasoft.examples.controller.PeopleControllerSpringParameterizedTest$Config$$EnhancerBySpringCGLIB$$19d606e2$$FastClassBySpringCGLIB$$dce33def.invoke(&lt;generated&gt;)
	at org.springframework.cglib.proxy.MethodProxy.invokeSuper(MethodProxy.java:228)
	at org.springframework.context.annotation.ConfigurationClassEnhancer$BeanMethodInterceptor.intercept(ConfigurationClassEnhancer.java:356)
	at com.parasoft.examples.controller.PeopleControllerSpringParameterizedTest$Config$$EnhancerBySpringCGLIB$$19d606e2.getPeopleController(&lt;generated&gt;)
	at sun.reflect.NativeMethodAccessorImpl.invoke0(Native Method)
	at sun.reflect.NativeMethodAccessorImpl.invoke(NativeMethodAccessorImpl.java:62)
	at sun.reflect.DelegatingMethodAccessorImpl.invoke(DelegatingMethodAccessorImpl.java:43)
	at java.lang.reflect.Method.invoke(Method.java:498)
	at org.springframework.beans.factory.support.SimpleInstantiationStrategy.instantiate(SimpleInstantiationStrategy.java:162)
	... 54 common frames omitted
</system-out>
  </testcase>
</testsuite>