<?xml version="1.0" encoding="UTF-8" ?>
<testsuite tests="1" failures="0" name="com.parasoft.examples.controller.ClassConfigControllerSpringTest" time="0" errors="1" skipped="0">
  <properties>
[...]
</properties>
  <testcase classname="com.parasoft.examples.controller.ClassConfigControllerSpringTest" name="testTakesText" time="0">
    <error message="Expecting a stackmap frame at branch target 6
Exception Details:
  Location:
    javax/servlet/ServletInputStream.readLine([BII)I @1: ifgt
  Reason:
    Expected stackmap frame at this location.
  Bytecode:
    0x0000000: 1d9d 0005 03ac 0336 042a b600 1359 3605
    0x0000010: 029f 001f 2b1c 8402 0115 0591 5484 0401
    0x0000020: 1505 100a 9f00 0c15 041d a0ff dfa7 0003
    0x0000030: 1504 9e00 0815 04a7 0004 02ac          
" type="java.lang.VerifyError">java.lang.VerifyError: Expecting a stackmap frame at branch target 6
Exception Details:
  Location:
    javax/servlet/ServletInputStream.readLine([BII)I @1: ifgt
  Reason:
    Expected stackmap frame at this location.
  Bytecode:
    0x0000000: 1d9d 0005 03ac 0336 042a b600 1359 3605
    0x0000010: 029f 001f 2b1c 8402 0115 0591 5484 0401
    0x0000020: 1505 100a 9f00 0c15 041d a0ff dfa7 0003
    0x0000030: 1504 9e00 0815 04a7 0004 02ac          

	at org.springframework.mock.web.MockHttpServletRequest.&lt;clinit&gt;(MockHttpServletRequest.java:124)
	at org.springframework.test.context.web.ServletTestExecutionListener.setUpRequestContextIfNecessary(ServletTestExecutionListener.java:207)
	at org.springframework.test.context.web.ServletTestExecutionListener.prepareTestInstance(ServletTestExecutionListener.java:131)
	at org.springframework.test.context.TestContextManager.prepareTestInstance(TestContextManager.java:230)
	at org.springframework.test.context.junit4.SpringJUnit4ClassRunner.createTest(SpringJUnit4ClassRunner.java:228)
	at org.springframework.test.context.junit4.SpringJUnit4ClassRunner$1.runReflectiveCall(SpringJUnit4ClassRunner.java:287)
	at org.junit.internal.runners.model.ReflectiveCallable.run(ReflectiveCallable.java:12)
	at org.springframework.test.context.junit4.SpringJUnit4ClassRunner.methodBlock(SpringJUnit4ClassRunner.java:289)
	at org.springframework.test.context.junit4.SpringJUnit4ClassRunner.runChild(SpringJUnit4ClassRunner.java:247)
	at org.springframework.test.context.junit4.SpringJUnit4ClassRunner.runChild(SpringJUnit4ClassRunner.java:94)
	at org.junit.runners.ParentRunner$3.run(ParentRunner.java:290)
	at org.junit.runners.ParentRunner$1.schedule(ParentRunner.java:71)
	at org.junit.runners.ParentRunner.runChildren(ParentRunner.java:288)
	at org.junit.runners.ParentRunner.access$000(ParentRunner.java:58)
	at org.junit.runners.ParentRunner$2.evaluate(ParentRunner.java:268)
	at org.springframework.test.context.junit4.statements.RunBeforeTestClassCallbacks.evaluate(RunBeforeTestClassCallbacks.java:61)
	at org.springframework.test.context.junit4.statements.RunAfterTestClassCallbacks.evaluate(RunAfterTestClassCallbacks.java:70)
	at org.junit.runners.ParentRunner.run(ParentRunner.java:363)
	at org.springframework.test.context.junit4.SpringJUnit4ClassRunner.run(SpringJUnit4ClassRunner.java:191)
	at org.apache.maven.surefire.junit4.JUnit4Provider.execute(JUnit4Provider.java:252)
	at org.apache.maven.surefire.junit4.JUnit4Provider.executeTestSet(JUnit4Provider.java:141)
	at org.apache.maven.surefire.junit4.JUnit4Provider.invoke(JUnit4Provider.java:112)
	at sun.reflect.NativeMethodAccessorImpl.invoke0(Native Method)
	at sun.reflect.NativeMethodAccessorImpl.invoke(NativeMethodAccessorImpl.java:62)
	at sun.reflect.DelegatingMethodAccessorImpl.invoke(DelegatingMethodAccessorImpl.java:43)
	at java.lang.reflect.Method.invoke(Method.java:498)
	at org.apache.maven.surefire.util.ReflectionUtils.invokeMethodWithArray(ReflectionUtils.java:189)
	at org.apache.maven.surefire.booter.ProviderFactory$ProviderProxy.invoke(ProviderFactory.java:165)
	at org.apache.maven.surefire.booter.ProviderFactory.invokeProvider(ProviderFactory.java:85)
	at org.apache.maven.surefire.booter.ForkedBooter.runSuitesInProcess(ForkedBooter.java:115)
	at org.apache.maven.surefire.booter.ForkedBooter.main(ForkedBooter.java:75)
</error>
    <system-out>2019-05-01 17:17:14 INFO  o.s.t.c.w.WebTestContextBootstrapper:260 - Loaded default TestExecutionListener class names from location [META-INF/spring.factories]: [org.springframework.test.context.web.ServletTestExecutionListener, org.springframework.test.context.support.DirtiesContextBeforeModesTestExecutionListener, org.springframework.test.context.support.DependencyInjectionTestExecutionListener, org.springframework.test.context.support.DirtiesContextTestExecutionListener, org.springframework.test.context.transaction.TransactionalTestExecutionListener, org.springframework.test.context.jdbc.SqlScriptsTestExecutionListener]
2019-05-01 17:17:14 INFO  o.s.t.c.w.WebTestContextBootstrapper:187 - Using TestExecutionListeners: [org.springframework.test.context.web.ServletTestExecutionListener@4a8b5227, org.springframework.test.context.support.DirtiesContextBeforeModesTestExecutionListener@54f5f647, org.springframework.test.context.support.DependencyInjectionTestExecutionListener@6979efad, org.springframework.test.context.support.DirtiesContextTestExecutionListener@5a6d5a8f, org.springframework.test.context.transaction.TransactionalTestExecutionListener@4a67318f, org.springframework.test.context.jdbc.SqlScriptsTestExecutionListener@315ba14a]
2019-05-01 17:17:14 INFO  o.s.w.c.s.GenericWebApplicationContext:581 - Refreshing org.springframework.web.context.support.GenericWebApplicationContext@273c947f: startup date [Wed May 01 17:17:14 PDT 2019]; root of context hierarchy
2019-05-01 17:17:14 ERROR o.s.t.c.TestContextManager:234 - Caught exception while allowing TestExecutionListener [org.springframework.test.context.web.ServletTestExecutionListener@4a8b5227] to prepare test instance [com.parasoft.examples.controller.ClassConfigControllerSpringTest@31be6b49]
java.lang.VerifyError: Expecting a stackmap frame at branch target 6
Exception Details:
  Location:
    javax/servlet/ServletInputStream.readLine([BII)I @1: ifgt
  Reason:
    Expected stackmap frame at this location.
  Bytecode:
    0x0000000: 1d9d 0005 03ac 0336 042a b600 1359 3605
    0x0000010: 029f 001f 2b1c 8402 0115 0591 5484 0401
    0x0000020: 1505 100a 9f00 0c15 041d a0ff dfa7 0003
    0x0000030: 1504 9e00 0815 04a7 0004 02ac          

	at org.springframework.mock.web.MockHttpServletRequest.&lt;clinit&gt;(MockHttpServletRequest.java:124)
	at org.springframework.test.context.web.ServletTestExecutionListener.setUpRequestContextIfNecessary(ServletTestExecutionListener.java:207)
	at org.springframework.test.context.web.ServletTestExecutionListener.prepareTestInstance(ServletTestExecutionListener.java:131)
	at org.springframework.test.context.TestContextManager.prepareTestInstance(TestContextManager.java:230)
	at org.springframework.test.context.junit4.SpringJUnit4ClassRunner.createTest(SpringJUnit4ClassRunner.java:228)
	at org.springframework.test.context.junit4.SpringJUnit4ClassRunner$1.runReflectiveCall(SpringJUnit4ClassRunner.java:287)
	at org.junit.internal.runners.model.ReflectiveCallable.run(ReflectiveCallable.java:12)
	at org.springframework.test.context.junit4.SpringJUnit4ClassRunner.methodBlock(SpringJUnit4ClassRunner.java:289)
	at org.springframework.test.context.junit4.SpringJUnit4ClassRunner.runChild(SpringJUnit4ClassRunner.java:247)
	at org.springframework.test.context.junit4.SpringJUnit4ClassRunner.runChild(SpringJUnit4ClassRunner.java:94)
	at org.junit.runners.ParentRunner$3.run(ParentRunner.java:290)
	at org.junit.runners.ParentRunner$1.schedule(ParentRunner.java:71)
	at org.junit.runners.ParentRunner.runChildren(ParentRunner.java:288)
	at org.junit.runners.ParentRunner.access$000(ParentRunner.java:58)
	at org.junit.runners.ParentRunner$2.evaluate(ParentRunner.java:268)
	at org.springframework.test.context.junit4.statements.RunBeforeTestClassCallbacks.evaluate(RunBeforeTestClassCallbacks.java:61)
	at org.springframework.test.context.junit4.statements.RunAfterTestClassCallbacks.evaluate(RunAfterTestClassCallbacks.java:70)
	at org.junit.runners.ParentRunner.run(ParentRunner.java:363)
	at org.springframework.test.context.junit4.SpringJUnit4ClassRunner.run(SpringJUnit4ClassRunner.java:191)
	at org.apache.maven.surefire.junit4.JUnit4Provider.execute(JUnit4Provider.java:252)
	at org.apache.maven.surefire.junit4.JUnit4Provider.executeTestSet(JUnit4Provider.java:141)
	at org.apache.maven.surefire.junit4.JUnit4Provider.invoke(JUnit4Provider.java:112)
	at sun.reflect.NativeMethodAccessorImpl.invoke0(Native Method)
	at sun.reflect.NativeMethodAccessorImpl.invoke(NativeMethodAccessorImpl.java:62)
	at sun.reflect.DelegatingMethodAccessorImpl.invoke(DelegatingMethodAccessorImpl.java:43)
	at java.lang.reflect.Method.invoke(Method.java:498)
	at org.apache.maven.surefire.util.ReflectionUtils.invokeMethodWithArray(ReflectionUtils.java:189)
	at org.apache.maven.surefire.booter.ProviderFactory$ProviderProxy.invoke(ProviderFactory.java:165)
	at org.apache.maven.surefire.booter.ProviderFactory.invokeProvider(ProviderFactory.java:85)
	at org.apache.maven.surefire.booter.ForkedBooter.runSuitesInProcess(ForkedBooter.java:115)
	at org.apache.maven.surefire.booter.ForkedBooter.main(ForkedBooter.java:75)
</system-out>
  </testcase>
</testsuite>