<?xml version="1.0" encoding="UTF-8" ?>
<testsuite tests="3" failures="0" name="com.parasoft.examples.model.jpa.SpringDaoAutomobileTest" time="0.029" errors="3" skipped="0">
  <properties>
[...]
</properties>
  <testcase classname="com.parasoft.examples.model.jpa.SpringDaoAutomobileTest" name="testCreateAndFind" time="0.02">
    <error message="Failed to load ApplicationContext" type="java.lang.IllegalStateException">java.lang.IllegalStateException: Failed to load ApplicationContext
	at org.springframework.test.context.cache.DefaultCacheAwareContextLoaderDelegate.loadContext(DefaultCacheAwareContextLoaderDelegate.java:124)
	at org.springframework.test.context.support.DefaultTestContext.getApplicationContext(DefaultTestContext.java:83)
	at org.springframework.test.context.support.DependencyInjectionTestExecutionListener.injectDependencies(DependencyInjectionTestExecutionListener.java:117)
	at org.springframework.test.context.support.DependencyInjectionTestExecutionListener.prepareTestInstance(DependencyInjectionTestExecutionListener.java:83)
	at org.springframework.test.context.TestContextManager.prepareTestInstance(TestContextManager.java:230)
	at org.springframework.test.context.junit4.SpringJUnit4ClassRunner.createTest(SpringJUnit4ClassRunner.java:228)
	at org.springframework.test.context.junit4.SpringJUnit4ClassRunner$1.runReflectiveCall(SpringJUnit4ClassRunner.java:287)
	at org.junit.internal.runners.model.ReflectiveCallable.run(ReflectiveCallable.java:12)
	at org.springframework.test.context.junit4.SpringJUnit4ClassRunner.methodBlock(SpringJUnit4ClassRunner.java:289)
	at org.springframework.test.context.junit4.SpringJUnit4ClassRunner.runChild(SpringJUnit4ClassRunner.java:247)
	at org.springframework.test.context.junit4.SpringJUnit4ClassRunner.runChild(SpringJUnit4ClassRunner.java:94)
	at org.junit.runners.ParentRunner$3.run(ParentRunner.java:290)
	at org.junit.runners.ParentRunner$1.schedule(ParentRunner.java:71)
	at org.junit.runners.ParentRunner.runChildren(ParentRunner.java:288)
	at org.junit.runners.ParentRunner.access$000(ParentRunner.java:58)
	at org.junit.runners.ParentRunner$2.evaluate(ParentRunner.java:268)
	at org.springframework.test.context.junit4.statements.RunBeforeTestClassCallbacks.evaluate(RunBeforeTestClassCallbacks.java:61)
	at org.springframework.test.context.junit4.statements.RunAfterTestClassCallbacks.evaluate(RunAfterTestClassCallbacks.java:70)
	at org.junit.runners.ParentRunner.run(ParentRunner.java:363)
	at org.springframework.test.context.junit4.SpringJUnit4ClassRunner.run(SpringJUnit4ClassRunner.java:191)
	at org.apache.maven.surefire.junit4.JUnit4Provider.execute(JUnit4Provider.java:252)
	at org.apache.maven.surefire.junit4.JUnit4Provider.executeTestSet(JUnit4Provider.java:141)
	at org.apache.maven.surefire.junit4.JUnit4Provider.invoke(JUnit4Provider.java:112)
	at sun.reflect.NativeMethodAccessorImpl.invoke0(Native Method)
	at sun.reflect.NativeMethodAccessorImpl.invoke(NativeMethodAccessorImpl.java:62)
	at sun.reflect.DelegatingMethodAccessorImpl.invoke(DelegatingMethodAccessorImpl.java:43)
	at java.lang.reflect.Method.invoke(Method.java:498)
	at org.apache.maven.surefire.util.ReflectionUtils.invokeMethodWithArray(ReflectionUtils.java:189)
	at org.apache.maven.surefire.booter.ProviderFactory$ProviderProxy.invoke(ProviderFactory.java:165)
	at org.apache.maven.surefire.booter.ProviderFactory.invokeProvider(ProviderFactory.java:85)
	at org.apache.maven.surefire.booter.ForkedBooter.runSuitesInProcess(ForkedBooter.java:115)
	at org.apache.maven.surefire.booter.ForkedBooter.main(ForkedBooter.java:75)
Caused by: org.springframework.beans.factory.BeanCreationException: Error creating bean with name &apos;entityManagerFactory&apos; defined in com.parasoft.examples.model.jpa.SpringDaoAutomobileTest$Config: Bean instantiation via factory method failed; nested exception is org.springframework.beans.BeanInstantiationException: Failed to instantiate [org.springframework.orm.jpa.LocalContainerEntityManagerFactoryBean]: Factory method &apos;entityManagerFactory&apos; threw exception; nested exception is java.lang.VerifyError: Expecting a stackmap frame at branch target 37
Exception Details:
  Location:
    org/hibernate/jpa/HibernatePersistenceProvider.createEntityManagerFactory(Ljava/lang/String;Ljava/util/Map;)Ljavax/persistence/EntityManagerFactory; @9: aload_0
  Reason:
    Expected stackmap frame at this location.
  Bytecode:
    0x0000000: b200 2a12 2c2b b600 322a 2b2c b600 364e
    0x0000010: 2dc7 000d b200 2a12 38b6 003c 01b0 2db9
    0x0000020: 0042 0100 b04e 2dbf 4eb2 002a 1244 2db6
    0x0000030: 0048 bb00 2659 1244 2db7 004b bf       
  Exception Handler Table:
    bci [9, 29] =&gt; handler: 37
    bci [30, 36] =&gt; handler: 37
    bci [9, 29] =&gt; handler: 40
    bci [30, 36] =&gt; handler: 40

	at org.springframework.beans.factory.support.ConstructorResolver.instantiateUsingFactoryMethod(ConstructorResolver.java:599)
	at org.springframework.beans.factory.support.AbstractAutowireCapableBeanFactory.instantiateUsingFactoryMethod(AbstractAutowireCapableBeanFactory.java:1128)
	at org.springframework.beans.factory.support.AbstractAutowireCapableBeanFactory.createBeanInstance(AbstractAutowireCapableBeanFactory.java:1023)
	at org.springframework.beans.factory.support.AbstractAutowireCapableBeanFactory.doCreateBean(AbstractAutowireCapableBeanFactory.java:510)
	at org.springframework.beans.factory.support.AbstractAutowireCapableBeanFactory.createBean(AbstractAutowireCapableBeanFactory.java:482)
	at org.springframework.beans.factory.support.AbstractBeanFactory$1.getObject(AbstractBeanFactory.java:306)
	at org.springframework.beans.factory.support.DefaultSingletonBeanRegistry.getSingleton(DefaultSingletonBeanRegistry.java:230)
	at org.springframework.beans.factory.support.AbstractBeanFactory.doGetBean(AbstractBeanFactory.java:302)
	at org.springframework.beans.factory.support.AbstractBeanFactory.getBean(AbstractBeanFactory.java:197)
	at org.springframework.context.support.AbstractApplicationContext.getBean(AbstractApplicationContext.java:1076)
	at org.springframework.context.support.AbstractApplicationContext.finishBeanFactoryInitialization(AbstractApplicationContext.java:851)
	at org.springframework.context.support.AbstractApplicationContext.refresh(AbstractApplicationContext.java:541)
	at org.springframework.test.context.support.AbstractGenericContextLoader.loadContext(AbstractGenericContextLoader.java:128)
	at org.springframework.test.context.support.AbstractGenericContextLoader.loadContext(AbstractGenericContextLoader.java:60)
	at org.springframework.test.context.support.AbstractDelegatingSmartContextLoader.delegateLoading(AbstractDelegatingSmartContextLoader.java:108)
	at org.springframework.test.context.support.AbstractDelegatingSmartContextLoader.loadContext(AbstractDelegatingSmartContextLoader.java:251)
	at org.springframework.test.context.cache.DefaultCacheAwareContextLoaderDelegate.loadContextInternal(DefaultCacheAwareContextLoaderDelegate.java:98)
	at org.springframework.test.context.cache.DefaultCacheAwareContextLoaderDelegate.loadContext(DefaultCacheAwareContextLoaderDelegate.java:116)
	... 31 more
Caused by: org.springframework.beans.BeanInstantiationException: Failed to instantiate [org.springframework.orm.jpa.LocalContainerEntityManagerFactoryBean]: Factory method &apos;entityManagerFactory&apos; threw exception; nested exception is java.lang.VerifyError: Expecting a stackmap frame at branch target 37
Exception Details:
  Location:
    org/hibernate/jpa/HibernatePersistenceProvider.createEntityManagerFactory(Ljava/lang/String;Ljava/util/Map;)Ljavax/persistence/EntityManagerFactory; @9: aload_0
  Reason:
    Expected stackmap frame at this location.
  Bytecode:
    0x0000000: b200 2a12 2c2b b600 322a 2b2c b600 364e
    0x0000010: 2dc7 000d b200 2a12 38b6 003c 01b0 2db9
    0x0000020: 0042 0100 b04e 2dbf 4eb2 002a 1244 2db6
    0x0000030: 0048 bb00 2659 1244 2db7 004b bf       
  Exception Handler Table:
    bci [9, 29] =&gt; handler: 37
    bci [30, 36] =&gt; handler: 37
    bci [9, 29] =&gt; handler: 40
    bci [30, 36] =&gt; handler: 40

	at org.springframework.beans.factory.support.SimpleInstantiationStrategy.instantiate(SimpleInstantiationStrategy.java:189)
	at org.springframework.beans.factory.support.ConstructorResolver.instantiateUsingFactoryMethod(ConstructorResolver.java:588)
	... 48 more
Caused by: java.lang.VerifyError: Expecting a stackmap frame at branch target 37
Exception Details:
  Location:
    org/hibernate/jpa/HibernatePersistenceProvider.createEntityManagerFactory(Ljava/lang/String;Ljava/util/Map;)Ljavax/persistence/EntityManagerFactory; @9: aload_0
  Reason:
    Expected stackmap frame at this location.
  Bytecode:
    0x0000000: b200 2a12 2c2b b600 322a 2b2c b600 364e
    0x0000010: 2dc7 000d b200 2a12 38b6 003c 01b0 2db9
    0x0000020: 0042 0100 b04e 2dbf 4eb2 002a 1244 2db6
    0x0000030: 0048 bb00 2659 1244 2db7 004b bf       
  Exception Handler Table:
    bci [9, 29] =&gt; handler: 37
    bci [30, 36] =&gt; handler: 37
    bci [9, 29] =&gt; handler: 40
    bci [30, 36] =&gt; handler: 40

	at java.lang.Class.getDeclaredConstructors0(Native Method)
	at java.lang.Class.privateGetDeclaredConstructors(Class.java:2671)
	at java.lang.Class.getConstructor0(Class.java:3075)
	at java.lang.Class.getDeclaredConstructor(Class.java:2178)
	at org.springframework.beans.BeanUtils.instantiateClass(BeanUtils.java:102)
	at org.springframework.orm.jpa.AbstractEntityManagerFactoryBean.setPersistenceProviderClass(AbstractEntityManagerFactoryBean.java:138)
	at com.parasoft.examples.model.jpa.SpringDaoAutomobileTest$Config.entityManagerFactory(SpringDaoAutomobileTest.java:100)
	at com.parasoft.examples.model.jpa.SpringDaoAutomobileTest$Config$$EnhancerBySpringCGLIB$$d77349af.CGLIB$entityManagerFactory$2(&lt;generated&gt;)
	at com.parasoft.examples.model.jpa.SpringDaoAutomobileTest$Config$$EnhancerBySpringCGLIB$$d77349af$$FastClassBySpringCGLIB$$95de9d4e.invoke(&lt;generated&gt;)
	at org.springframework.cglib.proxy.MethodProxy.invokeSuper(MethodProxy.java:228)
	at org.springframework.context.annotation.ConfigurationClassEnhancer$BeanMethodInterceptor.intercept(ConfigurationClassEnhancer.java:356)
	at com.parasoft.examples.model.jpa.SpringDaoAutomobileTest$Config$$EnhancerBySpringCGLIB$$d77349af.entityManagerFactory(&lt;generated&gt;)
	at sun.reflect.NativeMethodAccessorImpl.invoke0(Native Method)
	at sun.reflect.NativeMethodAccessorImpl.invoke(NativeMethodAccessorImpl.java:62)
	at sun.reflect.DelegatingMethodAccessorImpl.invoke(DelegatingMethodAccessorImpl.java:43)
	at java.lang.reflect.Method.invoke(Method.java:498)
	at org.springframework.beans.factory.support.SimpleInstantiationStrategy.instantiate(SimpleInstantiationStrategy.java:162)
	... 49 more
</error>
    <system-out>2019-05-01 17:17:12 INFO  o.s.t.c.s.AbstractContextLoader:264 - Could not detect default resource locations for test class [com.parasoft.examples.model.jpa.SpringDaoAutomobileTest]: no resource found for suffixes {-context.xml}.
2019-05-01 17:17:12 INFO  o.s.t.c.s.AbstractDelegatingSmartContextLoader:192 - AnnotationConfigContextLoader detected default configuration classes for context configuration [ContextConfigurationAttributes@6950ed69 declaringClass = &apos;com.parasoft.examples.model.jpa.SpringDaoAutomobileTest&apos;, classes = &apos;{class com.parasoft.examples.model.jpa.SpringDaoAutomobileTest$Config}&apos;, locations = &apos;{}&apos;, inheritLocations = true, initializers = &apos;{}&apos;, inheritInitializers = true, name = [null], contextLoaderClass = &apos;org.springframework.test.context.ContextLoader&apos;].
2019-05-01 17:17:12 INFO  o.s.t.c.s.DefaultTestContextBootstrapper:260 - Loaded default TestExecutionListener class names from location [META-INF/spring.factories]: [org.springframework.test.context.web.ServletTestExecutionListener, org.springframework.test.context.support.DirtiesContextBeforeModesTestExecutionListener, org.springframework.test.context.support.DependencyInjectionTestExecutionListener, org.springframework.test.context.support.DirtiesContextTestExecutionListener, org.springframework.test.context.transaction.TransactionalTestExecutionListener, org.springframework.test.context.jdbc.SqlScriptsTestExecutionListener]
2019-05-01 17:17:12 INFO  o.s.t.c.s.DefaultTestContextBootstrapper:187 - Using TestExecutionListeners: [org.springframework.test.context.web.ServletTestExecutionListener@57576994, org.springframework.test.context.support.DirtiesContextBeforeModesTestExecutionListener@616ac46a, org.springframework.test.context.support.DependencyInjectionTestExecutionListener@67b9b51a, org.springframework.test.context.support.DirtiesContextTestExecutionListener@1205bd62, org.springframework.test.context.transaction.TransactionalTestExecutionListener@7ef27d7f, org.springframework.test.context.jdbc.SqlScriptsTestExecutionListener@490caf5f]
2019-05-01 17:17:12 INFO  o.s.c.s.GenericApplicationContext:581 - Refreshing org.springframework.context.support.GenericApplicationContext@5e3d57c7: startup date [Wed May 01 17:17:12 PDT 2019]; root of context hierarchy
2019-05-01 17:17:13 WARN  o.s.c.s.GenericApplicationContext:549 - Exception encountered during context initialization - cancelling refresh attempt: org.springframework.beans.factory.BeanCreationException: Error creating bean with name &apos;entityManagerFactory&apos; defined in com.parasoft.examples.model.jpa.SpringDaoAutomobileTest$Config: Bean instantiation via factory method failed; nested exception is org.springframework.beans.BeanInstantiationException: Failed to instantiate [org.springframework.orm.jpa.LocalContainerEntityManagerFactoryBean]: Factory method &apos;entityManagerFactory&apos; threw exception; nested exception is java.lang.VerifyError: Expecting a stackmap frame at branch target 37
Exception Details:
  Location:
    org/hibernate/jpa/HibernatePersistenceProvider.createEntityManagerFactory(Ljava/lang/String;Ljava/util/Map;)Ljavax/persistence/EntityManagerFactory; @9: aload_0
  Reason:
    Expected stackmap frame at this location.
  Bytecode:
    0x0000000: b200 2a12 2c2b b600 322a 2b2c b600 364e
    0x0000010: 2dc7 000d b200 2a12 38b6 003c 01b0 2db9
    0x0000020: 0042 0100 b04e 2dbf 4eb2 002a 1244 2db6
    0x0000030: 0048 bb00 2659 1244 2db7 004b bf       
  Exception Handler Table:
    bci [9, 29] =&gt; handler: 37
    bci [30, 36] =&gt; handler: 37
    bci [9, 29] =&gt; handler: 40
    bci [30, 36] =&gt; handler: 40

2019-05-01 17:17:13 ERROR o.s.t.c.TestContextManager:234 - Caught exception while allowing TestExecutionListener [org.springframework.test.context.support.DependencyInjectionTestExecutionListener@67b9b51a] to prepare test instance [com.parasoft.examples.model.jpa.SpringDaoAutomobileTest@2cac4385]
java.lang.IllegalStateException: Failed to load ApplicationContext
	at org.springframework.test.context.cache.DefaultCacheAwareContextLoaderDelegate.loadContext(DefaultCacheAwareContextLoaderDelegate.java:124)
	at org.springframework.test.context.support.DefaultTestContext.getApplicationContext(DefaultTestContext.java:83)
	at org.springframework.test.context.support.DependencyInjectionTestExecutionListener.injectDependencies(DependencyInjectionTestExecutionListener.java:117)
	at org.springframework.test.context.support.DependencyInjectionTestExecutionListener.prepareTestInstance(DependencyInjectionTestExecutionListener.java:83)
	at org.springframework.test.context.TestContextManager.prepareTestInstance(TestContextManager.java:230)
	at org.springframework.test.context.junit4.SpringJUnit4ClassRunner.createTest(SpringJUnit4ClassRunner.java:228)
	at org.springframework.test.context.junit4.SpringJUnit4ClassRunner$1.runReflectiveCall(SpringJUnit4ClassRunner.java:287)
	at org.junit.internal.runners.model.ReflectiveCallable.run(ReflectiveCallable.java:12)
	at org.springframework.test.context.junit4.SpringJUnit4ClassRunner.methodBlock(SpringJUnit4ClassRunner.java:289)
	at org.springframework.test.context.junit4.SpringJUnit4ClassRunner.runChild(SpringJUnit4ClassRunner.java:247)
	at org.springframework.test.context.junit4.SpringJUnit4ClassRunner.runChild(SpringJUnit4ClassRunner.java:94)
	at org.junit.runners.ParentRunner$3.run(ParentRunner.java:290)
	at org.junit.runners.ParentRunner$1.schedule(ParentRunner.java:71)
	at org.junit.runners.ParentRunner.runChildren(ParentRunner.java:288)
	at org.junit.runners.ParentRunner.access$000(ParentRunner.java:58)
	at org.junit.runners.ParentRunner$2.evaluate(ParentRunner.java:268)
	at org.springframework.test.context.junit4.statements.RunBeforeTestClassCallbacks.evaluate(RunBeforeTestClassCallbacks.java:61)
	at org.springframework.test.context.junit4.statements.RunAfterTestClassCallbacks.evaluate(RunAfterTestClassCallbacks.java:70)
	at org.junit.runners.ParentRunner.run(ParentRunner.java:363)
	at org.springframework.test.context.junit4.SpringJUnit4ClassRunner.run(SpringJUnit4ClassRunner.java:191)
	at org.apache.maven.surefire.junit4.JUnit4Provider.execute(JUnit4Provider.java:252)
	at org.apache.maven.surefire.junit4.JUnit4Provider.executeTestSet(JUnit4Provider.java:141)
	at org.apache.maven.surefire.junit4.JUnit4Provider.invoke(JUnit4Provider.java:112)
	at sun.reflect.NativeMethodAccessorImpl.invoke0(Native Method)
	at sun.reflect.NativeMethodAccessorImpl.invoke(NativeMethodAccessorImpl.java:62)
	at sun.reflect.DelegatingMethodAccessorImpl.invoke(DelegatingMethodAccessorImpl.java:43)
	at java.lang.reflect.Method.invoke(Method.java:498)
	at org.apache.maven.surefire.util.ReflectionUtils.invokeMethodWithArray(ReflectionUtils.java:189)
	at org.apache.maven.surefire.booter.ProviderFactory$ProviderProxy.invoke(ProviderFactory.java:165)
	at org.apache.maven.surefire.booter.ProviderFactory.invokeProvider(ProviderFactory.java:85)
	at org.apache.maven.surefire.booter.ForkedBooter.runSuitesInProcess(ForkedBooter.java:115)
	at org.apache.maven.surefire.booter.ForkedBooter.main(ForkedBooter.java:75)
Caused by: org.springframework.beans.factory.BeanCreationException: Error creating bean with name &apos;entityManagerFactory&apos; defined in com.parasoft.examples.model.jpa.SpringDaoAutomobileTest$Config: Bean instantiation via factory method failed; nested exception is org.springframework.beans.BeanInstantiationException: Failed to instantiate [org.springframework.orm.jpa.LocalContainerEntityManagerFactoryBean]: Factory method &apos;entityManagerFactory&apos; threw exception; nested exception is java.lang.VerifyError: Expecting a stackmap frame at branch target 37
Exception Details:
  Location:
    org/hibernate/jpa/HibernatePersistenceProvider.createEntityManagerFactory(Ljava/lang/String;Ljava/util/Map;)Ljavax/persistence/EntityManagerFactory; @9: aload_0
  Reason:
    Expected stackmap frame at this location.
  Bytecode:
    0x0000000: b200 2a12 2c2b b600 322a 2b2c b600 364e
    0x0000010: 2dc7 000d b200 2a12 38b6 003c 01b0 2db9
    0x0000020: 0042 0100 b04e 2dbf 4eb2 002a 1244 2db6
    0x0000030: 0048 bb00 2659 1244 2db7 004b bf       
  Exception Handler Table:
    bci [9, 29] =&gt; handler: 37
    bci [30, 36] =&gt; handler: 37
    bci [9, 29] =&gt; handler: 40
    bci [30, 36] =&gt; handler: 40

	at org.springframework.beans.factory.support.ConstructorResolver.instantiateUsingFactoryMethod(ConstructorResolver.java:599)
	at org.springframework.beans.factory.support.AbstractAutowireCapableBeanFactory.instantiateUsingFactoryMethod(AbstractAutowireCapableBeanFactory.java:1128)
	at org.springframework.beans.factory.support.AbstractAutowireCapableBeanFactory.createBeanInstance(AbstractAutowireCapableBeanFactory.java:1023)
	at org.springframework.beans.factory.support.AbstractAutowireCapableBeanFactory.doCreateBean(AbstractAutowireCapableBeanFactory.java:510)
	at org.springframework.beans.factory.support.AbstractAutowireCapableBeanFactory.createBean(AbstractAutowireCapableBeanFactory.java:482)
	at org.springframework.beans.factory.support.AbstractBeanFactory$1.getObject(AbstractBeanFactory.java:306)
	at org.springframework.beans.factory.support.DefaultSingletonBeanRegistry.getSingleton(DefaultSingletonBeanRegistry.java:230)
	at org.springframework.beans.factory.support.AbstractBeanFactory.doGetBean(AbstractBeanFactory.java:302)
	at org.springframework.beans.factory.support.AbstractBeanFactory.getBean(AbstractBeanFactory.java:197)
	at org.springframework.context.support.AbstractApplicationContext.getBean(AbstractApplicationContext.java:1076)
	at org.springframework.context.support.AbstractApplicationContext.finishBeanFactoryInitialization(AbstractApplicationContext.java:851)
	at org.springframework.context.support.AbstractApplicationContext.refresh(AbstractApplicationContext.java:541)
	at org.springframework.test.context.support.AbstractGenericContextLoader.loadContext(AbstractGenericContextLoader.java:128)
	at org.springframework.test.context.support.AbstractGenericContextLoader.loadContext(AbstractGenericContextLoader.java:60)
	at org.springframework.test.context.support.AbstractDelegatingSmartContextLoader.delegateLoading(AbstractDelegatingSmartContextLoader.java:108)
	at org.springframework.test.context.support.AbstractDelegatingSmartContextLoader.loadContext(AbstractDelegatingSmartContextLoader.java:251)
	at org.springframework.test.context.cache.DefaultCacheAwareContextLoaderDelegate.loadContextInternal(DefaultCacheAwareContextLoaderDelegate.java:98)
	at org.springframework.test.context.cache.DefaultCacheAwareContextLoaderDelegate.loadContext(DefaultCacheAwareContextLoaderDelegate.java:116)
	... 31 common frames omitted
Caused by: org.springframework.beans.BeanInstantiationException: Failed to instantiate [org.springframework.orm.jpa.LocalContainerEntityManagerFactoryBean]: Factory method &apos;entityManagerFactory&apos; threw exception; nested exception is java.lang.VerifyError: Expecting a stackmap frame at branch target 37
Exception Details:
  Location:
    org/hibernate/jpa/HibernatePersistenceProvider.createEntityManagerFactory(Ljava/lang/String;Ljava/util/Map;)Ljavax/persistence/EntityManagerFactory; @9: aload_0
  Reason:
    Expected stackmap frame at this location.
  Bytecode:
    0x0000000: b200 2a12 2c2b b600 322a 2b2c b600 364e
    0x0000010: 2dc7 000d b200 2a12 38b6 003c 01b0 2db9
    0x0000020: 0042 0100 b04e 2dbf 4eb2 002a 1244 2db6
    0x0000030: 0048 bb00 2659 1244 2db7 004b bf       
  Exception Handler Table:
    bci [9, 29] =&gt; handler: 37
    bci [30, 36] =&gt; handler: 37
    bci [9, 29] =&gt; handler: 40
    bci [30, 36] =&gt; handler: 40

	at org.springframework.beans.factory.support.SimpleInstantiationStrategy.instantiate(SimpleInstantiationStrategy.java:189)
	at org.springframework.beans.factory.support.ConstructorResolver.instantiateUsingFactoryMethod(ConstructorResolver.java:588)
	... 48 common frames omitted
Caused by: java.lang.VerifyError: Expecting a stackmap frame at branch target 37
Exception Details:
  Location:
    org/hibernate/jpa/HibernatePersistenceProvider.createEntityManagerFactory(Ljava/lang/String;Ljava/util/Map;)Ljavax/persistence/EntityManagerFactory; @9: aload_0
  Reason:
    Expected stackmap frame at this location.
  Bytecode:
    0x0000000: b200 2a12 2c2b b600 322a 2b2c b600 364e
    0x0000010: 2dc7 000d b200 2a12 38b6 003c 01b0 2db9
    0x0000020: 0042 0100 b04e 2dbf 4eb2 002a 1244 2db6
    0x0000030: 0048 bb00 2659 1244 2db7 004b bf       
  Exception Handler Table:
    bci [9, 29] =&gt; handler: 37
    bci [30, 36] =&gt; handler: 37
    bci [9, 29] =&gt; handler: 40
    bci [30, 36] =&gt; handler: 40

	at java.lang.Class.getDeclaredConstructors0(Native Method)
	at java.lang.Class.privateGetDeclaredConstructors(Class.java:2671)
	at java.lang.Class.getConstructor0(Class.java:3075)
	at java.lang.Class.getDeclaredConstructor(Class.java:2178)
	at org.springframework.beans.BeanUtils.instantiateClass(BeanUtils.java:102)
	at org.springframework.orm.jpa.AbstractEntityManagerFactoryBean.setPersistenceProviderClass(AbstractEntityManagerFactoryBean.java:138)
	at com.parasoft.examples.model.jpa.SpringDaoAutomobileTest$Config.entityManagerFactory(SpringDaoAutomobileTest.java:100)
	at com.parasoft.examples.model.jpa.SpringDaoAutomobileTest$Config$$EnhancerBySpringCGLIB$$d77349af.CGLIB$entityManagerFactory$2(&lt;generated&gt;)
	at com.parasoft.examples.model.jpa.SpringDaoAutomobileTest$Config$$EnhancerBySpringCGLIB$$d77349af$$FastClassBySpringCGLIB$$95de9d4e.invoke(&lt;generated&gt;)
	at org.springframework.cglib.proxy.MethodProxy.invokeSuper(MethodProxy.java:228)
	at org.springframework.context.annotation.ConfigurationClassEnhancer$BeanMethodInterceptor.intercept(ConfigurationClassEnhancer.java:356)
	at com.parasoft.examples.model.jpa.SpringDaoAutomobileTest$Config$$EnhancerBySpringCGLIB$$d77349af.entityManagerFactory(&lt;generated&gt;)
	at sun.reflect.NativeMethodAccessorImpl.invoke0(Native Method)
	at sun.reflect.NativeMethodAccessorImpl.invoke(NativeMethodAccessorImpl.java:62)
	at sun.reflect.DelegatingMethodAccessorImpl.invoke(DelegatingMethodAccessorImpl.java:43)
	at java.lang.reflect.Method.invoke(Method.java:498)
	at org.springframework.beans.factory.support.SimpleInstantiationStrategy.instantiate(SimpleInstantiationStrategy.java:162)
	... 49 common frames omitted
</system-out>
  </testcase>
  <testcase classname="com.parasoft.examples.model.jpa.SpringDaoAutomobileTest" name="testCreateAndFindMultiple" time="0.009">
    <error message="Failed to load ApplicationContext" type="java.lang.IllegalStateException">java.lang.IllegalStateException: Failed to load ApplicationContext
	at org.springframework.test.context.cache.DefaultCacheAwareContextLoaderDelegate.loadContext(DefaultCacheAwareContextLoaderDelegate.java:124)
	at org.springframework.test.context.support.DefaultTestContext.getApplicationContext(DefaultTestContext.java:83)
	at org.springframework.test.context.support.DependencyInjectionTestExecutionListener.injectDependencies(DependencyInjectionTestExecutionListener.java:117)
	at org.springframework.test.context.support.DependencyInjectionTestExecutionListener.prepareTestInstance(DependencyInjectionTestExecutionListener.java:83)
	at org.springframework.test.context.TestContextManager.prepareTestInstance(TestContextManager.java:230)
	at org.springframework.test.context.junit4.SpringJUnit4ClassRunner.createTest(SpringJUnit4ClassRunner.java:228)
	at org.springframework.test.context.junit4.SpringJUnit4ClassRunner$1.runReflectiveCall(SpringJUnit4ClassRunner.java:287)
	at org.junit.internal.runners.model.ReflectiveCallable.run(ReflectiveCallable.java:12)
	at org.springframework.test.context.junit4.SpringJUnit4ClassRunner.methodBlock(SpringJUnit4ClassRunner.java:289)
	at org.springframework.test.context.junit4.SpringJUnit4ClassRunner.runChild(SpringJUnit4ClassRunner.java:247)
	at org.springframework.test.context.junit4.SpringJUnit4ClassRunner.runChild(SpringJUnit4ClassRunner.java:94)
	at org.junit.runners.ParentRunner$3.run(ParentRunner.java:290)
	at org.junit.runners.ParentRunner$1.schedule(ParentRunner.java:71)
	at org.junit.runners.ParentRunner.runChildren(ParentRunner.java:288)
	at org.junit.runners.ParentRunner.access$000(ParentRunner.java:58)
	at org.junit.runners.ParentRunner$2.evaluate(ParentRunner.java:268)
	at org.springframework.test.context.junit4.statements.RunBeforeTestClassCallbacks.evaluate(RunBeforeTestClassCallbacks.java:61)
	at org.springframework.test.context.junit4.statements.RunAfterTestClassCallbacks.evaluate(RunAfterTestClassCallbacks.java:70)
	at org.junit.runners.ParentRunner.run(ParentRunner.java:363)
	at org.springframework.test.context.junit4.SpringJUnit4ClassRunner.run(SpringJUnit4ClassRunner.java:191)
	at org.apache.maven.surefire.junit4.JUnit4Provider.execute(JUnit4Provider.java:252)
	at org.apache.maven.surefire.junit4.JUnit4Provider.executeTestSet(JUnit4Provider.java:141)
	at org.apache.maven.surefire.junit4.JUnit4Provider.invoke(JUnit4Provider.java:112)
	at sun.reflect.NativeMethodAccessorImpl.invoke0(Native Method)
	at sun.reflect.NativeMethodAccessorImpl.invoke(NativeMethodAccessorImpl.java:62)
	at sun.reflect.DelegatingMethodAccessorImpl.invoke(DelegatingMethodAccessorImpl.java:43)
	at java.lang.reflect.Method.invoke(Method.java:498)
	at org.apache.maven.surefire.util.ReflectionUtils.invokeMethodWithArray(ReflectionUtils.java:189)
	at org.apache.maven.surefire.booter.ProviderFactory$ProviderProxy.invoke(ProviderFactory.java:165)
	at org.apache.maven.surefire.booter.ProviderFactory.invokeProvider(ProviderFactory.java:85)
	at org.apache.maven.surefire.booter.ForkedBooter.runSuitesInProcess(ForkedBooter.java:115)
	at org.apache.maven.surefire.booter.ForkedBooter.main(ForkedBooter.java:75)
Caused by: org.springframework.beans.factory.BeanCreationException: Error creating bean with name &apos;entityManagerFactory&apos; defined in com.parasoft.examples.model.jpa.SpringDaoAutomobileTest$Config: Bean instantiation via factory method failed; nested exception is org.springframework.beans.BeanInstantiationException: Failed to instantiate [org.springframework.orm.jpa.LocalContainerEntityManagerFactoryBean]: Factory method &apos;entityManagerFactory&apos; threw exception; nested exception is java.lang.VerifyError: Expecting a stackmap frame at branch target 37
Exception Details:
  Location:
    org/hibernate/jpa/HibernatePersistenceProvider.createEntityManagerFactory(Ljava/lang/String;Ljava/util/Map;)Ljavax/persistence/EntityManagerFactory; @9: aload_0
  Reason:
    Expected stackmap frame at this location.
  Bytecode:
    0x0000000: b200 2a12 2c2b b600 322a 2b2c b600 364e
    0x0000010: 2dc7 000d b200 2a12 38b6 003c 01b0 2db9
    0x0000020: 0042 0100 b04e 2dbf 4eb2 002a 1244 2db6
    0x0000030: 0048 bb00 2659 1244 2db7 004b bf       
  Exception Handler Table:
    bci [9, 29] =&gt; handler: 37
    bci [30, 36] =&gt; handler: 37
    bci [9, 29] =&gt; handler: 40
    bci [30, 36] =&gt; handler: 40

	at org.springframework.beans.factory.support.ConstructorResolver.instantiateUsingFactoryMethod(ConstructorResolver.java:599)
	at org.springframework.beans.factory.support.AbstractAutowireCapableBeanFactory.instantiateUsingFactoryMethod(AbstractAutowireCapableBeanFactory.java:1128)
	at org.springframework.beans.factory.support.AbstractAutowireCapableBeanFactory.createBeanInstance(AbstractAutowireCapableBeanFactory.java:1023)
	at org.springframework.beans.factory.support.AbstractAutowireCapableBeanFactory.doCreateBean(AbstractAutowireCapableBeanFactory.java:510)
	at org.springframework.beans.factory.support.AbstractAutowireCapableBeanFactory.createBean(AbstractAutowireCapableBeanFactory.java:482)
	at org.springframework.beans.factory.support.AbstractBeanFactory$1.getObject(AbstractBeanFactory.java:306)
	at org.springframework.beans.factory.support.DefaultSingletonBeanRegistry.getSingleton(DefaultSingletonBeanRegistry.java:230)
	at org.springframework.beans.factory.support.AbstractBeanFactory.doGetBean(AbstractBeanFactory.java:302)
	at org.springframework.beans.factory.support.AbstractBeanFactory.getBean(AbstractBeanFactory.java:197)
	at org.springframework.context.support.AbstractApplicationContext.getBean(AbstractApplicationContext.java:1076)
	at org.springframework.context.support.AbstractApplicationContext.finishBeanFactoryInitialization(AbstractApplicationContext.java:851)
	at org.springframework.context.support.AbstractApplicationContext.refresh(AbstractApplicationContext.java:541)
	at org.springframework.test.context.support.AbstractGenericContextLoader.loadContext(AbstractGenericContextLoader.java:128)
	at org.springframework.test.context.support.AbstractGenericContextLoader.loadContext(AbstractGenericContextLoader.java:60)
	at org.springframework.test.context.support.AbstractDelegatingSmartContextLoader.delegateLoading(AbstractDelegatingSmartContextLoader.java:108)
	at org.springframework.test.context.support.AbstractDelegatingSmartContextLoader.loadContext(AbstractDelegatingSmartContextLoader.java:251)
	at org.springframework.test.context.cache.DefaultCacheAwareContextLoaderDelegate.loadContextInternal(DefaultCacheAwareContextLoaderDelegate.java:98)
	at org.springframework.test.context.cache.DefaultCacheAwareContextLoaderDelegate.loadContext(DefaultCacheAwareContextLoaderDelegate.java:116)
	... 31 more
Caused by: org.springframework.beans.BeanInstantiationException: Failed to instantiate [org.springframework.orm.jpa.LocalContainerEntityManagerFactoryBean]: Factory method &apos;entityManagerFactory&apos; threw exception; nested exception is java.lang.VerifyError: Expecting a stackmap frame at branch target 37
Exception Details:
  Location:
    org/hibernate/jpa/HibernatePersistenceProvider.createEntityManagerFactory(Ljava/lang/String;Ljava/util/Map;)Ljavax/persistence/EntityManagerFactory; @9: aload_0
  Reason:
    Expected stackmap frame at this location.
  Bytecode:
    0x0000000: b200 2a12 2c2b b600 322a 2b2c b600 364e
    0x0000010: 2dc7 000d b200 2a12 38b6 003c 01b0 2db9
    0x0000020: 0042 0100 b04e 2dbf 4eb2 002a 1244 2db6
    0x0000030: 0048 bb00 2659 1244 2db7 004b bf       
  Exception Handler Table:
    bci [9, 29] =&gt; handler: 37
    bci [30, 36] =&gt; handler: 37
    bci [9, 29] =&gt; handler: 40
    bci [30, 36] =&gt; handler: 40

	at org.springframework.beans.factory.support.SimpleInstantiationStrategy.instantiate(SimpleInstantiationStrategy.java:189)
	at org.springframework.beans.factory.support.ConstructorResolver.instantiateUsingFactoryMethod(ConstructorResolver.java:588)
	... 48 more
Caused by: java.lang.VerifyError: Expecting a stackmap frame at branch target 37
Exception Details:
  Location:
    org/hibernate/jpa/HibernatePersistenceProvider.createEntityManagerFactory(Ljava/lang/String;Ljava/util/Map;)Ljavax/persistence/EntityManagerFactory; @9: aload_0
  Reason:
    Expected stackmap frame at this location.
  Bytecode:
    0x0000000: b200 2a12 2c2b b600 322a 2b2c b600 364e
    0x0000010: 2dc7 000d b200 2a12 38b6 003c 01b0 2db9
    0x0000020: 0042 0100 b04e 2dbf 4eb2 002a 1244 2db6
    0x0000030: 0048 bb00 2659 1244 2db7 004b bf       
  Exception Handler Table:
    bci [9, 29] =&gt; handler: 37
    bci [30, 36] =&gt; handler: 37
    bci [9, 29] =&gt; handler: 40
    bci [30, 36] =&gt; handler: 40

	at java.lang.Class.getDeclaredConstructors0(Native Method)
	at java.lang.Class.privateGetDeclaredConstructors(Class.java:2671)
	at java.lang.Class.getConstructor0(Class.java:3075)
	at java.lang.Class.getDeclaredConstructor(Class.java:2178)
	at org.springframework.beans.BeanUtils.instantiateClass(BeanUtils.java:102)
	at org.springframework.orm.jpa.AbstractEntityManagerFactoryBean.setPersistenceProviderClass(AbstractEntityManagerFactoryBean.java:138)
	at com.parasoft.examples.model.jpa.SpringDaoAutomobileTest$Config.entityManagerFactory(SpringDaoAutomobileTest.java:100)
	at com.parasoft.examples.model.jpa.SpringDaoAutomobileTest$Config$$EnhancerBySpringCGLIB$$d77349af.CGLIB$entityManagerFactory$2(&lt;generated&gt;)
	at com.parasoft.examples.model.jpa.SpringDaoAutomobileTest$Config$$EnhancerBySpringCGLIB$$d77349af$$FastClassBySpringCGLIB$$95de9d4e.invoke(&lt;generated&gt;)
	at org.springframework.cglib.proxy.MethodProxy.invokeSuper(MethodProxy.java:228)
	at org.springframework.context.annotation.ConfigurationClassEnhancer$BeanMethodInterceptor.intercept(ConfigurationClassEnhancer.java:356)
	at com.parasoft.examples.model.jpa.SpringDaoAutomobileTest$Config$$EnhancerBySpringCGLIB$$d77349af.entityManagerFactory(&lt;generated&gt;)
	at sun.reflect.NativeMethodAccessorImpl.invoke0(Native Method)
	at sun.reflect.NativeMethodAccessorImpl.invoke(NativeMethodAccessorImpl.java:62)
	at sun.reflect.DelegatingMethodAccessorImpl.invoke(DelegatingMethodAccessorImpl.java:43)
	at java.lang.reflect.Method.invoke(Method.java:498)
	at org.springframework.beans.factory.support.SimpleInstantiationStrategy.instantiate(SimpleInstantiationStrategy.java:162)
	... 49 more
</error>
    <system-out>2019-05-01 17:17:13 INFO  o.s.c.s.GenericApplicationContext:581 - Refreshing org.springframework.context.support.GenericApplicationContext@34625ccd: startup date [Wed May 01 17:17:13 PDT 2019]; root of context hierarchy
2019-05-01 17:17:13 WARN  o.s.c.s.GenericApplicationContext:549 - Exception encountered during context initialization - cancelling refresh attempt: org.springframework.beans.factory.BeanCreationException: Error creating bean with name &apos;entityManagerFactory&apos; defined in com.parasoft.examples.model.jpa.SpringDaoAutomobileTest$Config: Bean instantiation via factory method failed; nested exception is org.springframework.beans.BeanInstantiationException: Failed to instantiate [org.springframework.orm.jpa.LocalContainerEntityManagerFactoryBean]: Factory method &apos;entityManagerFactory&apos; threw exception; nested exception is java.lang.VerifyError: Expecting a stackmap frame at branch target 37
Exception Details:
  Location:
    org/hibernate/jpa/HibernatePersistenceProvider.createEntityManagerFactory(Ljava/lang/String;Ljava/util/Map;)Ljavax/persistence/EntityManagerFactory; @9: aload_0
  Reason:
    Expected stackmap frame at this location.
  Bytecode:
    0x0000000: b200 2a12 2c2b b600 322a 2b2c b600 364e
    0x0000010: 2dc7 000d b200 2a12 38b6 003c 01b0 2db9
    0x0000020: 0042 0100 b04e 2dbf 4eb2 002a 1244 2db6
    0x0000030: 0048 bb00 2659 1244 2db7 004b bf       
  Exception Handler Table:
    bci [9, 29] =&gt; handler: 37
    bci [30, 36] =&gt; handler: 37
    bci [9, 29] =&gt; handler: 40
    bci [30, 36] =&gt; handler: 40

2019-05-01 17:17:13 ERROR o.s.t.c.TestContextManager:234 - Caught exception while allowing TestExecutionListener [org.springframework.test.context.support.DependencyInjectionTestExecutionListener@67b9b51a] to prepare test instance [com.parasoft.examples.model.jpa.SpringDaoAutomobileTest@5049d8b2]
java.lang.IllegalStateException: Failed to load ApplicationContext
	at org.springframework.test.context.cache.DefaultCacheAwareContextLoaderDelegate.loadContext(DefaultCacheAwareContextLoaderDelegate.java:124)
	at org.springframework.test.context.support.DefaultTestContext.getApplicationContext(DefaultTestContext.java:83)
	at org.springframework.test.context.support.DependencyInjectionTestExecutionListener.injectDependencies(DependencyInjectionTestExecutionListener.java:117)
	at org.springframework.test.context.support.DependencyInjectionTestExecutionListener.prepareTestInstance(DependencyInjectionTestExecutionListener.java:83)
	at org.springframework.test.context.TestContextManager.prepareTestInstance(TestContextManager.java:230)
	at org.springframework.test.context.junit4.SpringJUnit4ClassRunner.createTest(SpringJUnit4ClassRunner.java:228)
	at org.springframework.test.context.junit4.SpringJUnit4ClassRunner$1.runReflectiveCall(SpringJUnit4ClassRunner.java:287)
	at org.junit.internal.runners.model.ReflectiveCallable.run(ReflectiveCallable.java:12)
	at org.springframework.test.context.junit4.SpringJUnit4ClassRunner.methodBlock(SpringJUnit4ClassRunner.java:289)
	at org.springframework.test.context.junit4.SpringJUnit4ClassRunner.runChild(SpringJUnit4ClassRunner.java:247)
	at org.springframework.test.context.junit4.SpringJUnit4ClassRunner.runChild(SpringJUnit4ClassRunner.java:94)
	at org.junit.runners.ParentRunner$3.run(ParentRunner.java:290)
	at org.junit.runners.ParentRunner$1.schedule(ParentRunner.java:71)
	at org.junit.runners.ParentRunner.runChildren(ParentRunner.java:288)
	at org.junit.runners.ParentRunner.access$000(ParentRunner.java:58)
	at org.junit.runners.ParentRunner$2.evaluate(ParentRunner.java:268)
	at org.springframework.test.context.junit4.statements.RunBeforeTestClassCallbacks.evaluate(RunBeforeTestClassCallbacks.java:61)
	at org.springframework.test.context.junit4.statements.RunAfterTestClassCallbacks.evaluate(RunAfterTestClassCallbacks.java:70)
	at org.junit.runners.ParentRunner.run(ParentRunner.java:363)
	at org.springframework.test.context.junit4.SpringJUnit4ClassRunner.run(SpringJUnit4ClassRunner.java:191)
	at org.apache.maven.surefire.junit4.JUnit4Provider.execute(JUnit4Provider.java:252)
	at org.apache.maven.surefire.junit4.JUnit4Provider.executeTestSet(JUnit4Provider.java:141)
	at org.apache.maven.surefire.junit4.JUnit4Provider.invoke(JUnit4Provider.java:112)
	at sun.reflect.NativeMethodAccessorImpl.invoke0(Native Method)
	at sun.reflect.NativeMethodAccessorImpl.invoke(NativeMethodAccessorImpl.java:62)
	at sun.reflect.DelegatingMethodAccessorImpl.invoke(DelegatingMethodAccessorImpl.java:43)
	at java.lang.reflect.Method.invoke(Method.java:498)
	at org.apache.maven.surefire.util.ReflectionUtils.invokeMethodWithArray(ReflectionUtils.java:189)
	at org.apache.maven.surefire.booter.ProviderFactory$ProviderProxy.invoke(ProviderFactory.java:165)
	at org.apache.maven.surefire.booter.ProviderFactory.invokeProvider(ProviderFactory.java:85)
	at org.apache.maven.surefire.booter.ForkedBooter.runSuitesInProcess(ForkedBooter.java:115)
	at org.apache.maven.surefire.booter.ForkedBooter.main(ForkedBooter.java:75)
Caused by: org.springframework.beans.factory.BeanCreationException: Error creating bean with name &apos;entityManagerFactory&apos; defined in com.parasoft.examples.model.jpa.SpringDaoAutomobileTest$Config: Bean instantiation via factory method failed; nested exception is org.springframework.beans.BeanInstantiationException: Failed to instantiate [org.springframework.orm.jpa.LocalContainerEntityManagerFactoryBean]: Factory method &apos;entityManagerFactory&apos; threw exception; nested exception is java.lang.VerifyError: Expecting a stackmap frame at branch target 37
Exception Details:
  Location:
    org/hibernate/jpa/HibernatePersistenceProvider.createEntityManagerFactory(Ljava/lang/String;Ljava/util/Map;)Ljavax/persistence/EntityManagerFactory; @9: aload_0
  Reason:
    Expected stackmap frame at this location.
  Bytecode:
    0x0000000: b200 2a12 2c2b b600 322a 2b2c b600 364e
    0x0000010: 2dc7 000d b200 2a12 38b6 003c 01b0 2db9
    0x0000020: 0042 0100 b04e 2dbf 4eb2 002a 1244 2db6
    0x0000030: 0048 bb00 2659 1244 2db7 004b bf       
  Exception Handler Table:
    bci [9, 29] =&gt; handler: 37
    bci [30, 36] =&gt; handler: 37
    bci [9, 29] =&gt; handler: 40
    bci [30, 36] =&gt; handler: 40

	at org.springframework.beans.factory.support.ConstructorResolver.instantiateUsingFactoryMethod(ConstructorResolver.java:599)
	at org.springframework.beans.factory.support.AbstractAutowireCapableBeanFactory.instantiateUsingFactoryMethod(AbstractAutowireCapableBeanFactory.java:1128)
	at org.springframework.beans.factory.support.AbstractAutowireCapableBeanFactory.createBeanInstance(AbstractAutowireCapableBeanFactory.java:1023)
	at org.springframework.beans.factory.support.AbstractAutowireCapableBeanFactory.doCreateBean(AbstractAutowireCapableBeanFactory.java:510)
	at org.springframework.beans.factory.support.AbstractAutowireCapableBeanFactory.createBean(AbstractAutowireCapableBeanFactory.java:482)
	at org.springframework.beans.factory.support.AbstractBeanFactory$1.getObject(AbstractBeanFactory.java:306)
	at org.springframework.beans.factory.support.DefaultSingletonBeanRegistry.getSingleton(DefaultSingletonBeanRegistry.java:230)
	at org.springframework.beans.factory.support.AbstractBeanFactory.doGetBean(AbstractBeanFactory.java:302)
	at org.springframework.beans.factory.support.AbstractBeanFactory.getBean(AbstractBeanFactory.java:197)
	at org.springframework.context.support.AbstractApplicationContext.getBean(AbstractApplicationContext.java:1076)
	at org.springframework.context.support.AbstractApplicationContext.finishBeanFactoryInitialization(AbstractApplicationContext.java:851)
	at org.springframework.context.support.AbstractApplicationContext.refresh(AbstractApplicationContext.java:541)
	at org.springframework.test.context.support.AbstractGenericContextLoader.loadContext(AbstractGenericContextLoader.java:128)
	at org.springframework.test.context.support.AbstractGenericContextLoader.loadContext(AbstractGenericContextLoader.java:60)
	at org.springframework.test.context.support.AbstractDelegatingSmartContextLoader.delegateLoading(AbstractDelegatingSmartContextLoader.java:108)
	at org.springframework.test.context.support.AbstractDelegatingSmartContextLoader.loadContext(AbstractDelegatingSmartContextLoader.java:251)
	at org.springframework.test.context.cache.DefaultCacheAwareContextLoaderDelegate.loadContextInternal(DefaultCacheAwareContextLoaderDelegate.java:98)
	at org.springframework.test.context.cache.DefaultCacheAwareContextLoaderDelegate.loadContext(DefaultCacheAwareContextLoaderDelegate.java:116)
	... 31 common frames omitted
Caused by: org.springframework.beans.BeanInstantiationException: Failed to instantiate [org.springframework.orm.jpa.LocalContainerEntityManagerFactoryBean]: Factory method &apos;entityManagerFactory&apos; threw exception; nested exception is java.lang.VerifyError: Expecting a stackmap frame at branch target 37
Exception Details:
  Location:
    org/hibernate/jpa/HibernatePersistenceProvider.createEntityManagerFactory(Ljava/lang/String;Ljava/util/Map;)Ljavax/persistence/EntityManagerFactory; @9: aload_0
  Reason:
    Expected stackmap frame at this location.
  Bytecode:
    0x0000000: b200 2a12 2c2b b600 322a 2b2c b600 364e
    0x0000010: 2dc7 000d b200 2a12 38b6 003c 01b0 2db9
    0x0000020: 0042 0100 b04e 2dbf 4eb2 002a 1244 2db6
    0x0000030: 0048 bb00 2659 1244 2db7 004b bf       
  Exception Handler Table:
    bci [9, 29] =&gt; handler: 37
    bci [30, 36] =&gt; handler: 37
    bci [9, 29] =&gt; handler: 40
    bci [30, 36] =&gt; handler: 40

	at org.springframework.beans.factory.support.SimpleInstantiationStrategy.instantiate(SimpleInstantiationStrategy.java:189)
	at org.springframework.beans.factory.support.ConstructorResolver.instantiateUsingFactoryMethod(ConstructorResolver.java:588)
	... 48 common frames omitted
Caused by: java.lang.VerifyError: Expecting a stackmap frame at branch target 37
Exception Details:
  Location:
    org/hibernate/jpa/HibernatePersistenceProvider.createEntityManagerFactory(Ljava/lang/String;Ljava/util/Map;)Ljavax/persistence/EntityManagerFactory; @9: aload_0
  Reason:
    Expected stackmap frame at this location.
  Bytecode:
    0x0000000: b200 2a12 2c2b b600 322a 2b2c b600 364e
    0x0000010: 2dc7 000d b200 2a12 38b6 003c 01b0 2db9
    0x0000020: 0042 0100 b04e 2dbf 4eb2 002a 1244 2db6
    0x0000030: 0048 bb00 2659 1244 2db7 004b bf       
  Exception Handler Table:
    bci [9, 29] =&gt; handler: 37
    bci [30, 36] =&gt; handler: 37
    bci [9, 29] =&gt; handler: 40
    bci [30, 36] =&gt; handler: 40

	at java.lang.Class.getDeclaredConstructors0(Native Method)
	at java.lang.Class.privateGetDeclaredConstructors(Class.java:2671)
	at java.lang.Class.getConstructor0(Class.java:3075)
	at java.lang.Class.getDeclaredConstructor(Class.java:2178)
	at org.springframework.beans.BeanUtils.instantiateClass(BeanUtils.java:102)
	at org.springframework.orm.jpa.AbstractEntityManagerFactoryBean.setPersistenceProviderClass(AbstractEntityManagerFactoryBean.java:138)
	at com.parasoft.examples.model.jpa.SpringDaoAutomobileTest$Config.entityManagerFactory(SpringDaoAutomobileTest.java:100)
	at com.parasoft.examples.model.jpa.SpringDaoAutomobileTest$Config$$EnhancerBySpringCGLIB$$d77349af.CGLIB$entityManagerFactory$2(&lt;generated&gt;)
	at com.parasoft.examples.model.jpa.SpringDaoAutomobileTest$Config$$EnhancerBySpringCGLIB$$d77349af$$FastClassBySpringCGLIB$$95de9d4e.invoke(&lt;generated&gt;)
	at org.springframework.cglib.proxy.MethodProxy.invokeSuper(MethodProxy.java:228)
	at org.springframework.context.annotation.ConfigurationClassEnhancer$BeanMethodInterceptor.intercept(ConfigurationClassEnhancer.java:356)
	at com.parasoft.examples.model.jpa.SpringDaoAutomobileTest$Config$$EnhancerBySpringCGLIB$$d77349af.entityManagerFactory(&lt;generated&gt;)
	at sun.reflect.NativeMethodAccessorImpl.invoke0(Native Method)
	at sun.reflect.NativeMethodAccessorImpl.invoke(NativeMethodAccessorImpl.java:62)
	at sun.reflect.DelegatingMethodAccessorImpl.invoke(DelegatingMethodAccessorImpl.java:43)
	at java.lang.reflect.Method.invoke(Method.java:498)
	at org.springframework.beans.factory.support.SimpleInstantiationStrategy.instantiate(SimpleInstantiationStrategy.java:162)
	... 49 common frames omitted
</system-out>
  </testcase>
  <testcase classname="com.parasoft.examples.model.jpa.SpringDaoAutomobileTest" name="testCreateDelete" time="0">
    <error message="Failed to load ApplicationContext" type="java.lang.IllegalStateException">java.lang.IllegalStateException: Failed to load ApplicationContext
	at org.springframework.test.context.cache.DefaultCacheAwareContextLoaderDelegate.loadContext(DefaultCacheAwareContextLoaderDelegate.java:124)
	at org.springframework.test.context.support.DefaultTestContext.getApplicationContext(DefaultTestContext.java:83)
	at org.springframework.test.context.support.DependencyInjectionTestExecutionListener.injectDependencies(DependencyInjectionTestExecutionListener.java:117)
	at org.springframework.test.context.support.DependencyInjectionTestExecutionListener.prepareTestInstance(DependencyInjectionTestExecutionListener.java:83)
	at org.springframework.test.context.TestContextManager.prepareTestInstance(TestContextManager.java:230)
	at org.springframework.test.context.junit4.SpringJUnit4ClassRunner.createTest(SpringJUnit4ClassRunner.java:228)
	at org.springframework.test.context.junit4.SpringJUnit4ClassRunner$1.runReflectiveCall(SpringJUnit4ClassRunner.java:287)
	at org.junit.internal.runners.model.ReflectiveCallable.run(ReflectiveCallable.java:12)
	at org.springframework.test.context.junit4.SpringJUnit4ClassRunner.methodBlock(SpringJUnit4ClassRunner.java:289)
	at org.springframework.test.context.junit4.SpringJUnit4ClassRunner.runChild(SpringJUnit4ClassRunner.java:247)
	at org.springframework.test.context.junit4.SpringJUnit4ClassRunner.runChild(SpringJUnit4ClassRunner.java:94)
	at org.junit.runners.ParentRunner$3.run(ParentRunner.java:290)
	at org.junit.runners.ParentRunner$1.schedule(ParentRunner.java:71)
	at org.junit.runners.ParentRunner.runChildren(ParentRunner.java:288)
	at org.junit.runners.ParentRunner.access$000(ParentRunner.java:58)
	at org.junit.runners.ParentRunner$2.evaluate(ParentRunner.java:268)
	at org.springframework.test.context.junit4.statements.RunBeforeTestClassCallbacks.evaluate(RunBeforeTestClassCallbacks.java:61)
	at org.springframework.test.context.junit4.statements.RunAfterTestClassCallbacks.evaluate(RunAfterTestClassCallbacks.java:70)
	at org.junit.runners.ParentRunner.run(ParentRunner.java:363)
	at org.springframework.test.context.junit4.SpringJUnit4ClassRunner.run(SpringJUnit4ClassRunner.java:191)
	at org.apache.maven.surefire.junit4.JUnit4Provider.execute(JUnit4Provider.java:252)
	at org.apache.maven.surefire.junit4.JUnit4Provider.executeTestSet(JUnit4Provider.java:141)
	at org.apache.maven.surefire.junit4.JUnit4Provider.invoke(JUnit4Provider.java:112)
	at sun.reflect.NativeMethodAccessorImpl.invoke0(Native Method)
	at sun.reflect.NativeMethodAccessorImpl.invoke(NativeMethodAccessorImpl.java:62)
	at sun.reflect.DelegatingMethodAccessorImpl.invoke(DelegatingMethodAccessorImpl.java:43)
	at java.lang.reflect.Method.invoke(Method.java:498)
	at org.apache.maven.surefire.util.ReflectionUtils.invokeMethodWithArray(ReflectionUtils.java:189)
	at org.apache.maven.surefire.booter.ProviderFactory$ProviderProxy.invoke(ProviderFactory.java:165)
	at org.apache.maven.surefire.booter.ProviderFactory.invokeProvider(ProviderFactory.java:85)
	at org.apache.maven.surefire.booter.ForkedBooter.runSuitesInProcess(ForkedBooter.java:115)
	at org.apache.maven.surefire.booter.ForkedBooter.main(ForkedBooter.java:75)
Caused by: org.springframework.beans.factory.BeanCreationException: Error creating bean with name &apos;entityManagerFactory&apos; defined in com.parasoft.examples.model.jpa.SpringDaoAutomobileTest$Config: Bean instantiation via factory method failed; nested exception is org.springframework.beans.BeanInstantiationException: Failed to instantiate [org.springframework.orm.jpa.LocalContainerEntityManagerFactoryBean]: Factory method &apos;entityManagerFactory&apos; threw exception; nested exception is java.lang.VerifyError: Expecting a stackmap frame at branch target 37
Exception Details:
  Location:
    org/hibernate/jpa/HibernatePersistenceProvider.createEntityManagerFactory(Ljava/lang/String;Ljava/util/Map;)Ljavax/persistence/EntityManagerFactory; @9: aload_0
  Reason:
    Expected stackmap frame at this location.
  Bytecode:
    0x0000000: b200 2a12 2c2b b600 322a 2b2c b600 364e
    0x0000010: 2dc7 000d b200 2a12 38b6 003c 01b0 2db9
    0x0000020: 0042 0100 b04e 2dbf 4eb2 002a 1244 2db6
    0x0000030: 0048 bb00 2659 1244 2db7 004b bf       
  Exception Handler Table:
    bci [9, 29] =&gt; handler: 37
    bci [30, 36] =&gt; handler: 37
    bci [9, 29] =&gt; handler: 40
    bci [30, 36] =&gt; handler: 40

	at org.springframework.beans.factory.support.ConstructorResolver.instantiateUsingFactoryMethod(ConstructorResolver.java:599)
	at org.springframework.beans.factory.support.AbstractAutowireCapableBeanFactory.instantiateUsingFactoryMethod(AbstractAutowireCapableBeanFactory.java:1128)
	at org.springframework.beans.factory.support.AbstractAutowireCapableBeanFactory.createBeanInstance(AbstractAutowireCapableBeanFactory.java:1023)
	at org.springframework.beans.factory.support.AbstractAutowireCapableBeanFactory.doCreateBean(AbstractAutowireCapableBeanFactory.java:510)
	at org.springframework.beans.factory.support.AbstractAutowireCapableBeanFactory.createBean(AbstractAutowireCapableBeanFactory.java:482)
	at org.springframework.beans.factory.support.AbstractBeanFactory$1.getObject(AbstractBeanFactory.java:306)
	at org.springframework.beans.factory.support.DefaultSingletonBeanRegistry.getSingleton(DefaultSingletonBeanRegistry.java:230)
	at org.springframework.beans.factory.support.AbstractBeanFactory.doGetBean(AbstractBeanFactory.java:302)
	at org.springframework.beans.factory.support.AbstractBeanFactory.getBean(AbstractBeanFactory.java:197)
	at org.springframework.context.support.AbstractApplicationContext.getBean(AbstractApplicationContext.java:1076)
	at org.springframework.context.support.AbstractApplicationContext.finishBeanFactoryInitialization(AbstractApplicationContext.java:851)
	at org.springframework.context.support.AbstractApplicationContext.refresh(AbstractApplicationContext.java:541)
	at org.springframework.test.context.support.AbstractGenericContextLoader.loadContext(AbstractGenericContextLoader.java:128)
	at org.springframework.test.context.support.AbstractGenericContextLoader.loadContext(AbstractGenericContextLoader.java:60)
	at org.springframework.test.context.support.AbstractDelegatingSmartContextLoader.delegateLoading(AbstractDelegatingSmartContextLoader.java:108)
	at org.springframework.test.context.support.AbstractDelegatingSmartContextLoader.loadContext(AbstractDelegatingSmartContextLoader.java:251)
	at org.springframework.test.context.cache.DefaultCacheAwareContextLoaderDelegate.loadContextInternal(DefaultCacheAwareContextLoaderDelegate.java:98)
	at org.springframework.test.context.cache.DefaultCacheAwareContextLoaderDelegate.loadContext(DefaultCacheAwareContextLoaderDelegate.java:116)
	... 31 more
Caused by: org.springframework.beans.BeanInstantiationException: Failed to instantiate [org.springframework.orm.jpa.LocalContainerEntityManagerFactoryBean]: Factory method &apos;entityManagerFactory&apos; threw exception; nested exception is java.lang.VerifyError: Expecting a stackmap frame at branch target 37
Exception Details:
  Location:
    org/hibernate/jpa/HibernatePersistenceProvider.createEntityManagerFactory(Ljava/lang/String;Ljava/util/Map;)Ljavax/persistence/EntityManagerFactory; @9: aload_0
  Reason:
    Expected stackmap frame at this location.
  Bytecode:
    0x0000000: b200 2a12 2c2b b600 322a 2b2c b600 364e
    0x0000010: 2dc7 000d b200 2a12 38b6 003c 01b0 2db9
    0x0000020: 0042 0100 b04e 2dbf 4eb2 002a 1244 2db6
    0x0000030: 0048 bb00 2659 1244 2db7 004b bf       
  Exception Handler Table:
    bci [9, 29] =&gt; handler: 37
    bci [30, 36] =&gt; handler: 37
    bci [9, 29] =&gt; handler: 40
    bci [30, 36] =&gt; handler: 40

	at org.springframework.beans.factory.support.SimpleInstantiationStrategy.instantiate(SimpleInstantiationStrategy.java:189)
	at org.springframework.beans.factory.support.ConstructorResolver.instantiateUsingFactoryMethod(ConstructorResolver.java:588)
	... 48 more
Caused by: java.lang.VerifyError: Expecting a stackmap frame at branch target 37
Exception Details:
  Location:
    org/hibernate/jpa/HibernatePersistenceProvider.createEntityManagerFactory(Ljava/lang/String;Ljava/util/Map;)Ljavax/persistence/EntityManagerFactory; @9: aload_0
  Reason:
    Expected stackmap frame at this location.
  Bytecode:
    0x0000000: b200 2a12 2c2b b600 322a 2b2c b600 364e
    0x0000010: 2dc7 000d b200 2a12 38b6 003c 01b0 2db9
    0x0000020: 0042 0100 b04e 2dbf 4eb2 002a 1244 2db6
    0x0000030: 0048 bb00 2659 1244 2db7 004b bf       
  Exception Handler Table:
    bci [9, 29] =&gt; handler: 37
    bci [30, 36] =&gt; handler: 37
    bci [9, 29] =&gt; handler: 40
    bci [30, 36] =&gt; handler: 40

	at java.lang.Class.getDeclaredConstructors0(Native Method)
	at java.lang.Class.privateGetDeclaredConstructors(Class.java:2671)
	at java.lang.Class.getConstructor0(Class.java:3075)
	at java.lang.Class.getDeclaredConstructor(Class.java:2178)
	at org.springframework.beans.BeanUtils.instantiateClass(BeanUtils.java:102)
	at org.springframework.orm.jpa.AbstractEntityManagerFactoryBean.setPersistenceProviderClass(AbstractEntityManagerFactoryBean.java:138)
	at com.parasoft.examples.model.jpa.SpringDaoAutomobileTest$Config.entityManagerFactory(SpringDaoAutomobileTest.java:100)
	at com.parasoft.examples.model.jpa.SpringDaoAutomobileTest$Config$$EnhancerBySpringCGLIB$$d77349af.CGLIB$entityManagerFactory$2(&lt;generated&gt;)
	at com.parasoft.examples.model.jpa.SpringDaoAutomobileTest$Config$$EnhancerBySpringCGLIB$$d77349af$$FastClassBySpringCGLIB$$95de9d4e.invoke(&lt;generated&gt;)
	at org.springframework.cglib.proxy.MethodProxy.invokeSuper(MethodProxy.java:228)
	at org.springframework.context.annotation.ConfigurationClassEnhancer$BeanMethodInterceptor.intercept(ConfigurationClassEnhancer.java:356)
	at com.parasoft.examples.model.jpa.SpringDaoAutomobileTest$Config$$EnhancerBySpringCGLIB$$d77349af.entityManagerFactory(&lt;generated&gt;)
	at sun.reflect.NativeMethodAccessorImpl.invoke0(Native Method)
	at sun.reflect.NativeMethodAccessorImpl.invoke(NativeMethodAccessorImpl.java:62)
	at sun.reflect.DelegatingMethodAccessorImpl.invoke(DelegatingMethodAccessorImpl.java:43)
	at java.lang.reflect.Method.invoke(Method.java:498)
	at org.springframework.beans.factory.support.SimpleInstantiationStrategy.instantiate(SimpleInstantiationStrategy.java:162)
	... 49 more
</error>
    <system-out>2019-05-01 17:17:13 INFO  o.s.c.s.GenericApplicationContext:581 - Refreshing org.springframework.context.support.GenericApplicationContext@346a361: startup date [Wed May 01 17:17:13 PDT 2019]; root of context hierarchy
2019-05-01 17:17:13 WARN  o.s.c.s.GenericApplicationContext:549 - Exception encountered during context initialization - cancelling refresh attempt: org.springframework.beans.factory.BeanCreationException: Error creating bean with name &apos;entityManagerFactory&apos; defined in com.parasoft.examples.model.jpa.SpringDaoAutomobileTest$Config: Bean instantiation via factory method failed; nested exception is org.springframework.beans.BeanInstantiationException: Failed to instantiate [org.springframework.orm.jpa.LocalContainerEntityManagerFactoryBean]: Factory method &apos;entityManagerFactory&apos; threw exception; nested exception is java.lang.VerifyError: Expecting a stackmap frame at branch target 37
Exception Details:
  Location:
    org/hibernate/jpa/HibernatePersistenceProvider.createEntityManagerFactory(Ljava/lang/String;Ljava/util/Map;)Ljavax/persistence/EntityManagerFactory; @9: aload_0
  Reason:
    Expected stackmap frame at this location.
  Bytecode:
    0x0000000: b200 2a12 2c2b b600 322a 2b2c b600 364e
    0x0000010: 2dc7 000d b200 2a12 38b6 003c 01b0 2db9
    0x0000020: 0042 0100 b04e 2dbf 4eb2 002a 1244 2db6
    0x0000030: 0048 bb00 2659 1244 2db7 004b bf       
  Exception Handler Table:
    bci [9, 29] =&gt; handler: 37
    bci [30, 36] =&gt; handler: 37
    bci [9, 29] =&gt; handler: 40
    bci [30, 36] =&gt; handler: 40

2019-05-01 17:17:13 ERROR o.s.t.c.TestContextManager:234 - Caught exception while allowing TestExecutionListener [org.springframework.test.context.support.DependencyInjectionTestExecutionListener@67b9b51a] to prepare test instance [com.parasoft.examples.model.jpa.SpringDaoAutomobileTest@d5ae57e]
java.lang.IllegalStateException: Failed to load ApplicationContext
	at org.springframework.test.context.cache.DefaultCacheAwareContextLoaderDelegate.loadContext(DefaultCacheAwareContextLoaderDelegate.java:124)
	at org.springframework.test.context.support.DefaultTestContext.getApplicationContext(DefaultTestContext.java:83)
	at org.springframework.test.context.support.DependencyInjectionTestExecutionListener.injectDependencies(DependencyInjectionTestExecutionListener.java:117)
	at org.springframework.test.context.support.DependencyInjectionTestExecutionListener.prepareTestInstance(DependencyInjectionTestExecutionListener.java:83)
	at org.springframework.test.context.TestContextManager.prepareTestInstance(TestContextManager.java:230)
	at org.springframework.test.context.junit4.SpringJUnit4ClassRunner.createTest(SpringJUnit4ClassRunner.java:228)
	at org.springframework.test.context.junit4.SpringJUnit4ClassRunner$1.runReflectiveCall(SpringJUnit4ClassRunner.java:287)
	at org.junit.internal.runners.model.ReflectiveCallable.run(ReflectiveCallable.java:12)
	at org.springframework.test.context.junit4.SpringJUnit4ClassRunner.methodBlock(SpringJUnit4ClassRunner.java:289)
	at org.springframework.test.context.junit4.SpringJUnit4ClassRunner.runChild(SpringJUnit4ClassRunner.java:247)
	at org.springframework.test.context.junit4.SpringJUnit4ClassRunner.runChild(SpringJUnit4ClassRunner.java:94)
	at org.junit.runners.ParentRunner$3.run(ParentRunner.java:290)
	at org.junit.runners.ParentRunner$1.schedule(ParentRunner.java:71)
	at org.junit.runners.ParentRunner.runChildren(ParentRunner.java:288)
	at org.junit.runners.ParentRunner.access$000(ParentRunner.java:58)
	at org.junit.runners.ParentRunner$2.evaluate(ParentRunner.java:268)
	at org.springframework.test.context.junit4.statements.RunBeforeTestClassCallbacks.evaluate(RunBeforeTestClassCallbacks.java:61)
	at org.springframework.test.context.junit4.statements.RunAfterTestClassCallbacks.evaluate(RunAfterTestClassCallbacks.java:70)
	at org.junit.runners.ParentRunner.run(ParentRunner.java:363)
	at org.springframework.test.context.junit4.SpringJUnit4ClassRunner.run(SpringJUnit4ClassRunner.java:191)
	at org.apache.maven.surefire.junit4.JUnit4Provider.execute(JUnit4Provider.java:252)
	at org.apache.maven.surefire.junit4.JUnit4Provider.executeTestSet(JUnit4Provider.java:141)
	at org.apache.maven.surefire.junit4.JUnit4Provider.invoke(JUnit4Provider.java:112)
	at sun.reflect.NativeMethodAccessorImpl.invoke0(Native Method)
	at sun.reflect.NativeMethodAccessorImpl.invoke(NativeMethodAccessorImpl.java:62)
	at sun.reflect.DelegatingMethodAccessorImpl.invoke(DelegatingMethodAccessorImpl.java:43)
	at java.lang.reflect.Method.invoke(Method.java:498)
	at org.apache.maven.surefire.util.ReflectionUtils.invokeMethodWithArray(ReflectionUtils.java:189)
	at org.apache.maven.surefire.booter.ProviderFactory$ProviderProxy.invoke(ProviderFactory.java:165)
	at org.apache.maven.surefire.booter.ProviderFactory.invokeProvider(ProviderFactory.java:85)
	at org.apache.maven.surefire.booter.ForkedBooter.runSuitesInProcess(ForkedBooter.java:115)
	at org.apache.maven.surefire.booter.ForkedBooter.main(ForkedBooter.java:75)
Caused by: org.springframework.beans.factory.BeanCreationException: Error creating bean with name &apos;entityManagerFactory&apos; defined in com.parasoft.examples.model.jpa.SpringDaoAutomobileTest$Config: Bean instantiation via factory method failed; nested exception is org.springframework.beans.BeanInstantiationException: Failed to instantiate [org.springframework.orm.jpa.LocalContainerEntityManagerFactoryBean]: Factory method &apos;entityManagerFactory&apos; threw exception; nested exception is java.lang.VerifyError: Expecting a stackmap frame at branch target 37
Exception Details:
  Location:
    org/hibernate/jpa/HibernatePersistenceProvider.createEntityManagerFactory(Ljava/lang/String;Ljava/util/Map;)Ljavax/persistence/EntityManagerFactory; @9: aload_0
  Reason:
    Expected stackmap frame at this location.
  Bytecode:
    0x0000000: b200 2a12 2c2b b600 322a 2b2c b600 364e
    0x0000010: 2dc7 000d b200 2a12 38b6 003c 01b0 2db9
    0x0000020: 0042 0100 b04e 2dbf 4eb2 002a 1244 2db6
    0x0000030: 0048 bb00 2659 1244 2db7 004b bf       
  Exception Handler Table:
    bci [9, 29] =&gt; handler: 37
    bci [30, 36] =&gt; handler: 37
    bci [9, 29] =&gt; handler: 40
    bci [30, 36] =&gt; handler: 40

	at org.springframework.beans.factory.support.ConstructorResolver.instantiateUsingFactoryMethod(ConstructorResolver.java:599)
	at org.springframework.beans.factory.support.AbstractAutowireCapableBeanFactory.instantiateUsingFactoryMethod(AbstractAutowireCapableBeanFactory.java:1128)
	at org.springframework.beans.factory.support.AbstractAutowireCapableBeanFactory.createBeanInstance(AbstractAutowireCapableBeanFactory.java:1023)
	at org.springframework.beans.factory.support.AbstractAutowireCapableBeanFactory.doCreateBean(AbstractAutowireCapableBeanFactory.java:510)
	at org.springframework.beans.factory.support.AbstractAutowireCapableBeanFactory.createBean(AbstractAutowireCapableBeanFactory.java:482)
	at org.springframework.beans.factory.support.AbstractBeanFactory$1.getObject(AbstractBeanFactory.java:306)
	at org.springframework.beans.factory.support.DefaultSingletonBeanRegistry.getSingleton(DefaultSingletonBeanRegistry.java:230)
	at org.springframework.beans.factory.support.AbstractBeanFactory.doGetBean(AbstractBeanFactory.java:302)
	at org.springframework.beans.factory.support.AbstractBeanFactory.getBean(AbstractBeanFactory.java:197)
	at org.springframework.context.support.AbstractApplicationContext.getBean(AbstractApplicationContext.java:1076)
	at org.springframework.context.support.AbstractApplicationContext.finishBeanFactoryInitialization(AbstractApplicationContext.java:851)
	at org.springframework.context.support.AbstractApplicationContext.refresh(AbstractApplicationContext.java:541)
	at org.springframework.test.context.support.AbstractGenericContextLoader.loadContext(AbstractGenericContextLoader.java:128)
	at org.springframework.test.context.support.AbstractGenericContextLoader.loadContext(AbstractGenericContextLoader.java:60)
	at org.springframework.test.context.support.AbstractDelegatingSmartContextLoader.delegateLoading(AbstractDelegatingSmartContextLoader.java:108)
	at org.springframework.test.context.support.AbstractDelegatingSmartContextLoader.loadContext(AbstractDelegatingSmartContextLoader.java:251)
	at org.springframework.test.context.cache.DefaultCacheAwareContextLoaderDelegate.loadContextInternal(DefaultCacheAwareContextLoaderDelegate.java:98)
	at org.springframework.test.context.cache.DefaultCacheAwareContextLoaderDelegate.loadContext(DefaultCacheAwareContextLoaderDelegate.java:116)
	... 31 common frames omitted
Caused by: org.springframework.beans.BeanInstantiationException: Failed to instantiate [org.springframework.orm.jpa.LocalContainerEntityManagerFactoryBean]: Factory method &apos;entityManagerFactory&apos; threw exception; nested exception is java.lang.VerifyError: Expecting a stackmap frame at branch target 37
Exception Details:
  Location:
    org/hibernate/jpa/HibernatePersistenceProvider.createEntityManagerFactory(Ljava/lang/String;Ljava/util/Map;)Ljavax/persistence/EntityManagerFactory; @9: aload_0
  Reason:
    Expected stackmap frame at this location.
  Bytecode:
    0x0000000: b200 2a12 2c2b b600 322a 2b2c b600 364e
    0x0000010: 2dc7 000d b200 2a12 38b6 003c 01b0 2db9
    0x0000020: 0042 0100 b04e 2dbf 4eb2 002a 1244 2db6
    0x0000030: 0048 bb00 2659 1244 2db7 004b bf       
  Exception Handler Table:
    bci [9, 29] =&gt; handler: 37
    bci [30, 36] =&gt; handler: 37
    bci [9, 29] =&gt; handler: 40
    bci [30, 36] =&gt; handler: 40

	at org.springframework.beans.factory.support.SimpleInstantiationStrategy.instantiate(SimpleInstantiationStrategy.java:189)
	at org.springframework.beans.factory.support.ConstructorResolver.instantiateUsingFactoryMethod(ConstructorResolver.java:588)
	... 48 common frames omitted
Caused by: java.lang.VerifyError: Expecting a stackmap frame at branch target 37
Exception Details:
  Location:
    org/hibernate/jpa/HibernatePersistenceProvider.createEntityManagerFactory(Ljava/lang/String;Ljava/util/Map;)Ljavax/persistence/EntityManagerFactory; @9: aload_0
  Reason:
    Expected stackmap frame at this location.
  Bytecode:
    0x0000000: b200 2a12 2c2b b600 322a 2b2c b600 364e
    0x0000010: 2dc7 000d b200 2a12 38b6 003c 01b0 2db9
    0x0000020: 0042 0100 b04e 2dbf 4eb2 002a 1244 2db6
    0x0000030: 0048 bb00 2659 1244 2db7 004b bf       
  Exception Handler Table:
    bci [9, 29] =&gt; handler: 37
    bci [30, 36] =&gt; handler: 37
    bci [9, 29] =&gt; handler: 40
    bci [30, 36] =&gt; handler: 40

	at java.lang.Class.getDeclaredConstructors0(Native Method)
	at java.lang.Class.privateGetDeclaredConstructors(Class.java:2671)
	at java.lang.Class.getConstructor0(Class.java:3075)
	at java.lang.Class.getDeclaredConstructor(Class.java:2178)
	at org.springframework.beans.BeanUtils.instantiateClass(BeanUtils.java:102)
	at org.springframework.orm.jpa.AbstractEntityManagerFactoryBean.setPersistenceProviderClass(AbstractEntityManagerFactoryBean.java:138)
	at com.parasoft.examples.model.jpa.SpringDaoAutomobileTest$Config.entityManagerFactory(SpringDaoAutomobileTest.java:100)
	at com.parasoft.examples.model.jpa.SpringDaoAutomobileTest$Config$$EnhancerBySpringCGLIB$$d77349af.CGLIB$entityManagerFactory$2(&lt;generated&gt;)
	at com.parasoft.examples.model.jpa.SpringDaoAutomobileTest$Config$$EnhancerBySpringCGLIB$$d77349af$$FastClassBySpringCGLIB$$95de9d4e.invoke(&lt;generated&gt;)
	at org.springframework.cglib.proxy.MethodProxy.invokeSuper(MethodProxy.java:228)
	at org.springframework.context.annotation.ConfigurationClassEnhancer$BeanMethodInterceptor.intercept(ConfigurationClassEnhancer.java:356)
	at com.parasoft.examples.model.jpa.SpringDaoAutomobileTest$Config$$EnhancerBySpringCGLIB$$d77349af.entityManagerFactory(&lt;generated&gt;)
	at sun.reflect.NativeMethodAccessorImpl.invoke0(Native Method)
	at sun.reflect.NativeMethodAccessorImpl.invoke(NativeMethodAccessorImpl.java:62)
	at sun.reflect.DelegatingMethodAccessorImpl.invoke(DelegatingMethodAccessorImpl.java:43)
	at java.lang.reflect.Method.invoke(Method.java:498)
	at org.springframework.beans.factory.support.SimpleInstantiationStrategy.instantiate(SimpleInstantiationStrategy.java:162)
	... 49 common frames omitted
</system-out>
  </testcase>
</testsuite>