<?xml version="1.0" encoding="UTF-8" ?>
<testsuite tests="1" failures="0" name="com.parasoft.examples.controller.MultiServiceControllerSpringTest" time="0" errors="1" skipped="0">
  <properties>
[...]
</properties>
  <testcase classname="com.parasoft.examples.controller.MultiServiceControllerSpringTest" name="testGetPersonByName" time="0">
    <error message="Failed to load ApplicationContext" type="java.lang.IllegalStateException">java.lang.IllegalStateException: Failed to load ApplicationContext
	at org.springframework.test.context.cache.DefaultCacheAwareContextLoaderDelegate.loadContext(DefaultCacheAwareContextLoaderDelegate.java:124)
	at org.springframework.test.context.support.DefaultTestContext.getApplicationContext(DefaultTestContext.java:83)
	at org.springframework.test.context.support.DependencyInjectionTestExecutionListener.injectDependencies(DependencyInjectionTestExecutionListener.java:117)
	at org.springframework.test.context.support.DependencyInjectionTestExecutionListener.prepareTestInstance(DependencyInjectionTestExecutionListener.java:83)
	at org.springframework.test.context.TestContextManager.prepareTestInstance(TestContextManager.java:230)
	at org.springframework.test.context.junit4.SpringJUnit4ClassRunner.createTest(SpringJUnit4ClassRunner.java:228)
	at org.springframework.test.context.junit4.SpringJUnit4ClassRunner$1.runReflectiveCall(SpringJUnit4ClassRunner.java:287)
	at org.junit.internal.runners.model.ReflectiveCallable.run(ReflectiveCallable.java:12)
	at org.springframework.test.context.junit4.SpringJUnit4ClassRunner.methodBlock(SpringJUnit4ClassRunner.java:289)
	at org.springframework.test.context.junit4.SpringJUnit4ClassRunner.runChild(SpringJUnit4ClassRunner.java:247)
	at org.springframework.test.context.junit4.SpringJUnit4ClassRunner.runChild(SpringJUnit4ClassRunner.java:94)
	at org.junit.runners.ParentRunner$3.run(ParentRunner.java:290)
	at org.junit.runners.ParentRunner$1.schedule(ParentRunner.java:71)
	at org.junit.runners.ParentRunner.runChildren(ParentRunner.java:288)
	at org.junit.runners.ParentRunner.access$000(ParentRunner.java:58)
	at org.junit.runners.ParentRunner$2.evaluate(ParentRunner.java:268)
	at org.springframework.test.context.junit4.statements.RunBeforeTestClassCallbacks.evaluate(RunBeforeTestClassCallbacks.java:61)
	at org.springframework.test.context.junit4.statements.RunAfterTestClassCallbacks.evaluate(RunAfterTestClassCallbacks.java:70)
	at org.junit.runners.ParentRunner.run(ParentRunner.java:363)
	at org.springframework.test.context.junit4.SpringJUnit4ClassRunner.run(SpringJUnit4ClassRunner.java:191)
	at org.apache.maven.surefire.junit4.JUnit4Provider.execute(JUnit4Provider.java:252)
	at org.apache.maven.surefire.junit4.JUnit4Provider.executeTestSet(JUnit4Provider.java:141)
	at org.apache.maven.surefire.junit4.JUnit4Provider.invoke(JUnit4Provider.java:112)
	at sun.reflect.NativeMethodAccessorImpl.invoke0(Native Method)
	at sun.reflect.NativeMethodAccessorImpl.invoke(NativeMethodAccessorImpl.java:62)
	at sun.reflect.DelegatingMethodAccessorImpl.invoke(DelegatingMethodAccessorImpl.java:43)
	at java.lang.reflect.Method.invoke(Method.java:498)
	at org.apache.maven.surefire.util.ReflectionUtils.invokeMethodWithArray(ReflectionUtils.java:189)
	at org.apache.maven.surefire.booter.ProviderFactory$ProviderProxy.invoke(ProviderFactory.java:165)
	at org.apache.maven.surefire.booter.ProviderFactory.invokeProvider(ProviderFactory.java:85)
	at org.apache.maven.surefire.booter.ForkedBooter.runSuitesInProcess(ForkedBooter.java:115)
	at org.apache.maven.surefire.booter.ForkedBooter.main(ForkedBooter.java:75)
Caused by: org.springframework.beans.factory.BeanCreationException: Error creating bean with name &apos;getMultiServiceController&apos; defined in com.parasoft.examples.controller.MultiServiceControllerSpringTest$Config: Bean instantiation via factory method failed; nested exception is org.springframework.beans.BeanInstantiationException: Failed to instantiate [com.parasoft.examples.controller.MultiServiceController]: Factory method &apos;getMultiServiceController&apos; threw exception; nested exception is java.lang.VerifyError: Expecting a stackmap frame at branch target 23
Exception Details:
  Location:
    com/parasoft/examples/controller/MultiServiceController.getPersonByName(Ljava/lang/String;)Lcom/parasoft/examples/model/Person; @10: ifnonnull
  Reason:
    Expected stackmap frame at this location.
  Bytecode:
    0x0000000: 2ab4 001d 2bb6 0022 4d2c c700 0dbb 0016
    0x0000010: 5912 24b7 0027 bf2c b0                 

	at org.springframework.beans.factory.support.ConstructorResolver.instantiateUsingFactoryMethod(ConstructorResolver.java:599)
	at org.springframework.beans.factory.support.AbstractAutowireCapableBeanFactory.instantiateUsingFactoryMethod(AbstractAutowireCapableBeanFactory.java:1128)
	at org.springframework.beans.factory.support.AbstractAutowireCapableBeanFactory.createBeanInstance(AbstractAutowireCapableBeanFactory.java:1023)
	at org.springframework.beans.factory.support.AbstractAutowireCapableBeanFactory.doCreateBean(AbstractAutowireCapableBeanFactory.java:510)
	at org.springframework.beans.factory.support.AbstractAutowireCapableBeanFactory.createBean(AbstractAutowireCapableBeanFactory.java:482)
	at org.springframework.beans.factory.support.AbstractBeanFactory$1.getObject(AbstractBeanFactory.java:306)
	at org.springframework.beans.factory.support.DefaultSingletonBeanRegistry.getSingleton(DefaultSingletonBeanRegistry.java:230)
	at org.springframework.beans.factory.support.AbstractBeanFactory.doGetBean(AbstractBeanFactory.java:302)
	at org.springframework.beans.factory.support.AbstractBeanFactory.getBean(AbstractBeanFactory.java:197)
	at org.springframework.beans.factory.support.DefaultListableBeanFactory.preInstantiateSingletons(DefaultListableBeanFactory.java:751)
	at org.springframework.context.support.AbstractApplicationContext.finishBeanFactoryInitialization(AbstractApplicationContext.java:861)
	at org.springframework.context.support.AbstractApplicationContext.refresh(AbstractApplicationContext.java:541)
	at org.springframework.test.context.support.AbstractGenericContextLoader.loadContext(AbstractGenericContextLoader.java:128)
	at org.springframework.test.context.support.AbstractGenericContextLoader.loadContext(AbstractGenericContextLoader.java:60)
	at org.springframework.test.context.support.AbstractDelegatingSmartContextLoader.delegateLoading(AbstractDelegatingSmartContextLoader.java:108)
	at org.springframework.test.context.support.AbstractDelegatingSmartContextLoader.loadContext(AbstractDelegatingSmartContextLoader.java:251)
	at org.springframework.test.context.cache.DefaultCacheAwareContextLoaderDelegate.loadContextInternal(DefaultCacheAwareContextLoaderDelegate.java:98)
	at org.springframework.test.context.cache.DefaultCacheAwareContextLoaderDelegate.loadContext(DefaultCacheAwareContextLoaderDelegate.java:116)
	... 31 more
Caused by: org.springframework.beans.BeanInstantiationException: Failed to instantiate [com.parasoft.examples.controller.MultiServiceController]: Factory method &apos;getMultiServiceController&apos; threw exception; nested exception is java.lang.VerifyError: Expecting a stackmap frame at branch target 23
Exception Details:
  Location:
    com/parasoft/examples/controller/MultiServiceController.getPersonByName(Ljava/lang/String;)Lcom/parasoft/examples/model/Person; @10: ifnonnull
  Reason:
    Expected stackmap frame at this location.
  Bytecode:
    0x0000000: 2ab4 001d 2bb6 0022 4d2c c700 0dbb 0016
    0x0000010: 5912 24b7 0027 bf2c b0                 

	at org.springframework.beans.factory.support.SimpleInstantiationStrategy.instantiate(SimpleInstantiationStrategy.java:189)
	at org.springframework.beans.factory.support.ConstructorResolver.instantiateUsingFactoryMethod(ConstructorResolver.java:588)
	... 48 more
Caused by: java.lang.VerifyError: Expecting a stackmap frame at branch target 23
Exception Details:
  Location:
    com/parasoft/examples/controller/MultiServiceController.getPersonByName(Ljava/lang/String;)Lcom/parasoft/examples/model/Person; @10: ifnonnull
  Reason:
    Expected stackmap frame at this location.
  Bytecode:
    0x0000000: 2ab4 001d 2bb6 0022 4d2c c700 0dbb 0016
    0x0000010: 5912 24b7 0027 bf2c b0                 

	at com.parasoft.examples.controller.MultiServiceControllerSpringTest$Config.getMultiServiceController(MultiServiceControllerSpringTest.java:55)
	at com.parasoft.examples.controller.MultiServiceControllerSpringTest$Config$$EnhancerBySpringCGLIB$$d522dbd6.CGLIB$getMultiServiceController$1(&lt;generated&gt;)
	at com.parasoft.examples.controller.MultiServiceControllerSpringTest$Config$$EnhancerBySpringCGLIB$$d522dbd6$$FastClassBySpringCGLIB$$cce50af.invoke(&lt;generated&gt;)
	at org.springframework.cglib.proxy.MethodProxy.invokeSuper(MethodProxy.java:228)
	at org.springframework.context.annotation.ConfigurationClassEnhancer$BeanMethodInterceptor.intercept(ConfigurationClassEnhancer.java:356)
	at com.parasoft.examples.controller.MultiServiceControllerSpringTest$Config$$EnhancerBySpringCGLIB$$d522dbd6.getMultiServiceController(&lt;generated&gt;)
	at sun.reflect.NativeMethodAccessorImpl.invoke0(Native Method)
	at sun.reflect.NativeMethodAccessorImpl.invoke(NativeMethodAccessorImpl.java:62)
	at sun.reflect.DelegatingMethodAccessorImpl.invoke(DelegatingMethodAccessorImpl.java:43)
	at java.lang.reflect.Method.invoke(Method.java:498)
	at org.springframework.beans.factory.support.SimpleInstantiationStrategy.instantiate(SimpleInstantiationStrategy.java:162)
	... 49 more
</error>
    <system-out>2019-05-01 17:17:14 INFO  o.s.t.c.s.AbstractContextLoader:264 - Could not detect default resource locations for test class [com.parasoft.examples.controller.MultiServiceControllerSpringTest]: no resource found for suffixes {-context.xml}.
2019-05-01 17:17:14 INFO  o.s.t.c.s.AbstractDelegatingSmartContextLoader:192 - AnnotationConfigContextLoader detected default configuration classes for context configuration [ContextConfigurationAttributes@6d3c232f declaringClass = &apos;com.parasoft.examples.controller.MultiServiceControllerSpringTest&apos;, classes = &apos;{class com.parasoft.examples.controller.MultiServiceControllerSpringTest$Config}&apos;, locations = &apos;{}&apos;, inheritLocations = true, initializers = &apos;{}&apos;, inheritInitializers = true, name = [null], contextLoaderClass = &apos;org.springframework.test.context.ContextLoader&apos;].
2019-05-01 17:17:14 INFO  o.s.t.c.s.DefaultTestContextBootstrapper:260 - Loaded default TestExecutionListener class names from location [META-INF/spring.factories]: [org.springframework.test.context.web.ServletTestExecutionListener, org.springframework.test.context.support.DirtiesContextBeforeModesTestExecutionListener, org.springframework.test.context.support.DependencyInjectionTestExecutionListener, org.springframework.test.context.support.DirtiesContextTestExecutionListener, org.springframework.test.context.transaction.TransactionalTestExecutionListener, org.springframework.test.context.jdbc.SqlScriptsTestExecutionListener]
2019-05-01 17:17:14 INFO  o.s.t.c.s.DefaultTestContextBootstrapper:187 - Using TestExecutionListeners: [org.springframework.test.context.web.ServletTestExecutionListener@74fe5966, org.springframework.test.context.support.DirtiesContextBeforeModesTestExecutionListener@4fe875be, org.springframework.test.context.support.DependencyInjectionTestExecutionListener@677b8e13, org.springframework.test.context.support.DirtiesContextTestExecutionListener@4a9486c0, org.springframework.test.context.transaction.TransactionalTestExecutionListener@4c27d39d, org.springframework.test.context.jdbc.SqlScriptsTestExecutionListener@40ee0a22]
2019-05-01 17:17:14 INFO  o.s.c.s.GenericApplicationContext:581 - Refreshing org.springframework.context.support.GenericApplicationContext@15923407: startup date [Wed May 01 17:17:14 PDT 2019]; root of context hierarchy
2019-05-01 17:17:14 WARN  o.s.c.s.GenericApplicationContext:549 - Exception encountered during context initialization - cancelling refresh attempt: org.springframework.beans.factory.BeanCreationException: Error creating bean with name &apos;getMultiServiceController&apos; defined in com.parasoft.examples.controller.MultiServiceControllerSpringTest$Config: Bean instantiation via factory method failed; nested exception is org.springframework.beans.BeanInstantiationException: Failed to instantiate [com.parasoft.examples.controller.MultiServiceController]: Factory method &apos;getMultiServiceController&apos; threw exception; nested exception is java.lang.VerifyError: Expecting a stackmap frame at branch target 23
Exception Details:
  Location:
    com/parasoft/examples/controller/MultiServiceController.getPersonByName(Ljava/lang/String;)Lcom/parasoft/examples/model/Person; @10: ifnonnull
  Reason:
    Expected stackmap frame at this location.
  Bytecode:
    0x0000000: 2ab4 001d 2bb6 0022 4d2c c700 0dbb 0016
    0x0000010: 5912 24b7 0027 bf2c b0                 

2019-05-01 17:17:14 ERROR o.s.t.c.TestContextManager:234 - Caught exception while allowing TestExecutionListener [org.springframework.test.context.support.DependencyInjectionTestExecutionListener@677b8e13] to prepare test instance [com.parasoft.examples.controller.MultiServiceControllerSpringTest@65004ff6]
java.lang.IllegalStateException: Failed to load ApplicationContext
	at org.springframework.test.context.cache.DefaultCacheAwareContextLoaderDelegate.loadContext(DefaultCacheAwareContextLoaderDelegate.java:124)
	at org.springframework.test.context.support.DefaultTestContext.getApplicationContext(DefaultTestContext.java:83)
	at org.springframework.test.context.support.DependencyInjectionTestExecutionListener.injectDependencies(DependencyInjectionTestExecutionListener.java:117)
	at org.springframework.test.context.support.DependencyInjectionTestExecutionListener.prepareTestInstance(DependencyInjectionTestExecutionListener.java:83)
	at org.springframework.test.context.TestContextManager.prepareTestInstance(TestContextManager.java:230)
	at org.springframework.test.context.junit4.SpringJUnit4ClassRunner.createTest(SpringJUnit4ClassRunner.java:228)
	at org.springframework.test.context.junit4.SpringJUnit4ClassRunner$1.runReflectiveCall(SpringJUnit4ClassRunner.java:287)
	at org.junit.internal.runners.model.ReflectiveCallable.run(ReflectiveCallable.java:12)
	at org.springframework.test.context.junit4.SpringJUnit4ClassRunner.methodBlock(SpringJUnit4ClassRunner.java:289)
	at org.springframework.test.context.junit4.SpringJUnit4ClassRunner.runChild(SpringJUnit4ClassRunner.java:247)
	at org.springframework.test.context.junit4.SpringJUnit4ClassRunner.runChild(SpringJUnit4ClassRunner.java:94)
	at org.junit.runners.ParentRunner$3.run(ParentRunner.java:290)
	at org.junit.runners.ParentRunner$1.schedule(ParentRunner.java:71)
	at org.junit.runners.ParentRunner.runChildren(ParentRunner.java:288)
	at org.junit.runners.ParentRunner.access$000(ParentRunner.java:58)
	at org.junit.runners.ParentRunner$2.evaluate(ParentRunner.java:268)
	at org.springframework.test.context.junit4.statements.RunBeforeTestClassCallbacks.evaluate(RunBeforeTestClassCallbacks.java:61)
	at org.springframework.test.context.junit4.statements.RunAfterTestClassCallbacks.evaluate(RunAfterTestClassCallbacks.java:70)
	at org.junit.runners.ParentRunner.run(ParentRunner.java:363)
	at org.springframework.test.context.junit4.SpringJUnit4ClassRunner.run(SpringJUnit4ClassRunner.java:191)
	at org.apache.maven.surefire.junit4.JUnit4Provider.execute(JUnit4Provider.java:252)
	at org.apache.maven.surefire.junit4.JUnit4Provider.executeTestSet(JUnit4Provider.java:141)
	at org.apache.maven.surefire.junit4.JUnit4Provider.invoke(JUnit4Provider.java:112)
	at sun.reflect.NativeMethodAccessorImpl.invoke0(Native Method)
	at sun.reflect.NativeMethodAccessorImpl.invoke(NativeMethodAccessorImpl.java:62)
	at sun.reflect.DelegatingMethodAccessorImpl.invoke(DelegatingMethodAccessorImpl.java:43)
	at java.lang.reflect.Method.invoke(Method.java:498)
	at org.apache.maven.surefire.util.ReflectionUtils.invokeMethodWithArray(ReflectionUtils.java:189)
	at org.apache.maven.surefire.booter.ProviderFactory$ProviderProxy.invoke(ProviderFactory.java:165)
	at org.apache.maven.surefire.booter.ProviderFactory.invokeProvider(ProviderFactory.java:85)
	at org.apache.maven.surefire.booter.ForkedBooter.runSuitesInProcess(ForkedBooter.java:115)
	at org.apache.maven.surefire.booter.ForkedBooter.main(ForkedBooter.java:75)
Caused by: org.springframework.beans.factory.BeanCreationException: Error creating bean with name &apos;getMultiServiceController&apos; defined in com.parasoft.examples.controller.MultiServiceControllerSpringTest$Config: Bean instantiation via factory method failed; nested exception is org.springframework.beans.BeanInstantiationException: Failed to instantiate [com.parasoft.examples.controller.MultiServiceController]: Factory method &apos;getMultiServiceController&apos; threw exception; nested exception is java.lang.VerifyError: Expecting a stackmap frame at branch target 23
Exception Details:
  Location:
    com/parasoft/examples/controller/MultiServiceController.getPersonByName(Ljava/lang/String;)Lcom/parasoft/examples/model/Person; @10: ifnonnull
  Reason:
    Expected stackmap frame at this location.
  Bytecode:
    0x0000000: 2ab4 001d 2bb6 0022 4d2c c700 0dbb 0016
    0x0000010: 5912 24b7 0027 bf2c b0                 

	at org.springframework.beans.factory.support.ConstructorResolver.instantiateUsingFactoryMethod(ConstructorResolver.java:599)
	at org.springframework.beans.factory.support.AbstractAutowireCapableBeanFactory.instantiateUsingFactoryMethod(AbstractAutowireCapableBeanFactory.java:1128)
	at org.springframework.beans.factory.support.AbstractAutowireCapableBeanFactory.createBeanInstance(AbstractAutowireCapableBeanFactory.java:1023)
	at org.springframework.beans.factory.support.AbstractAutowireCapableBeanFactory.doCreateBean(AbstractAutowireCapableBeanFactory.java:510)
	at org.springframework.beans.factory.support.AbstractAutowireCapableBeanFactory.createBean(AbstractAutowireCapableBeanFactory.java:482)
	at org.springframework.beans.factory.support.AbstractBeanFactory$1.getObject(AbstractBeanFactory.java:306)
	at org.springframework.beans.factory.support.DefaultSingletonBeanRegistry.getSingleton(DefaultSingletonBeanRegistry.java:230)
	at org.springframework.beans.factory.support.AbstractBeanFactory.doGetBean(AbstractBeanFactory.java:302)
	at org.springframework.beans.factory.support.AbstractBeanFactory.getBean(AbstractBeanFactory.java:197)
	at org.springframework.beans.factory.support.DefaultListableBeanFactory.preInstantiateSingletons(DefaultListableBeanFactory.java:751)
	at org.springframework.context.support.AbstractApplicationContext.finishBeanFactoryInitialization(AbstractApplicationContext.java:861)
	at org.springframework.context.support.AbstractApplicationContext.refresh(AbstractApplicationContext.java:541)
	at org.springframework.test.context.support.AbstractGenericContextLoader.loadContext(AbstractGenericContextLoader.java:128)
	at org.springframework.test.context.support.AbstractGenericContextLoader.loadContext(AbstractGenericContextLoader.java:60)
	at org.springframework.test.context.support.AbstractDelegatingSmartContextLoader.delegateLoading(AbstractDelegatingSmartContextLoader.java:108)
	at org.springframework.test.context.support.AbstractDelegatingSmartContextLoader.loadContext(AbstractDelegatingSmartContextLoader.java:251)
	at org.springframework.test.context.cache.DefaultCacheAwareContextLoaderDelegate.loadContextInternal(DefaultCacheAwareContextLoaderDelegate.java:98)
	at org.springframework.test.context.cache.DefaultCacheAwareContextLoaderDelegate.loadContext(DefaultCacheAwareContextLoaderDelegate.java:116)
	... 31 common frames omitted
Caused by: org.springframework.beans.BeanInstantiationException: Failed to instantiate [com.parasoft.examples.controller.MultiServiceController]: Factory method &apos;getMultiServiceController&apos; threw exception; nested exception is java.lang.VerifyError: Expecting a stackmap frame at branch target 23
Exception Details:
  Location:
    com/parasoft/examples/controller/MultiServiceController.getPersonByName(Ljava/lang/String;)Lcom/parasoft/examples/model/Person; @10: ifnonnull
  Reason:
    Expected stackmap frame at this location.
  Bytecode:
    0x0000000: 2ab4 001d 2bb6 0022 4d2c c700 0dbb 0016
    0x0000010: 5912 24b7 0027 bf2c b0                 

	at org.springframework.beans.factory.support.SimpleInstantiationStrategy.instantiate(SimpleInstantiationStrategy.java:189)
	at org.springframework.beans.factory.support.ConstructorResolver.instantiateUsingFactoryMethod(ConstructorResolver.java:588)
	... 48 common frames omitted
Caused by: java.lang.VerifyError: Expecting a stackmap frame at branch target 23
Exception Details:
  Location:
    com/parasoft/examples/controller/MultiServiceController.getPersonByName(Ljava/lang/String;)Lcom/parasoft/examples/model/Person; @10: ifnonnull
  Reason:
    Expected stackmap frame at this location.
  Bytecode:
    0x0000000: 2ab4 001d 2bb6 0022 4d2c c700 0dbb 0016
    0x0000010: 5912 24b7 0027 bf2c b0                 

	at com.parasoft.examples.controller.MultiServiceControllerSpringTest$Config.getMultiServiceController(MultiServiceControllerSpringTest.java:55)
	at com.parasoft.examples.controller.MultiServiceControllerSpringTest$Config$$EnhancerBySpringCGLIB$$d522dbd6.CGLIB$getMultiServiceController$1(&lt;generated&gt;)
	at com.parasoft.examples.controller.MultiServiceControllerSpringTest$Config$$EnhancerBySpringCGLIB$$d522dbd6$$FastClassBySpringCGLIB$$cce50af.invoke(&lt;generated&gt;)
	at org.springframework.cglib.proxy.MethodProxy.invokeSuper(MethodProxy.java:228)
	at org.springframework.context.annotation.ConfigurationClassEnhancer$BeanMethodInterceptor.intercept(ConfigurationClassEnhancer.java:356)
	at com.parasoft.examples.controller.MultiServiceControllerSpringTest$Config$$EnhancerBySpringCGLIB$$d522dbd6.getMultiServiceController(&lt;generated&gt;)
	at sun.reflect.NativeMethodAccessorImpl.invoke0(Native Method)
	at sun.reflect.NativeMethodAccessorImpl.invoke(NativeMethodAccessorImpl.java:62)
	at sun.reflect.DelegatingMethodAccessorImpl.invoke(DelegatingMethodAccessorImpl.java:43)
	at java.lang.reflect.Method.invoke(Method.java:498)
	at org.springframework.beans.factory.support.SimpleInstantiationStrategy.instantiate(SimpleInstantiationStrategy.java:162)
	... 49 common frames omitted
</system-out>
  </testcase>
</testsuite>