<?xml version="1.0" encoding="UTF-8" ?>
<testsuite tests="4" failures="0" name="com.parasoft.examples.dao.BirdTest" time="0.001" errors="4" skipped="0">
  <properties>
    <property name="java.runtime.name" value="OpenJDK Runtime Environment"/>
    <property name="sun.boot.library.path" value="/usr/lib/jvm/java-8-openjdk-amd64/jre/lib/amd64"/>
    <property name="java.vm.version" value="25.191-b12"/>
    <property name="java.vm.vendor" value="Oracle Corporation"/>
    <property name="maven.multiModuleProjectDirectory" value="/home/dchacon/gitRepo/jtest-spring-examples"/>
    <property name="java.vendor.url" value="http://java.oracle.com/"/>
    <property name="path.separator" value=":"/>
    <property name="guice.disable.misplaced.annotation.check" value="true"/>
    <property name="java.vm.name" value="OpenJDK 64-Bit Server VM"/>
    <property name="file.encoding.pkg" value="sun.io"/>
    <property name="user.country" value="US"/>
    <property name="sun.java.launcher" value="SUN_STANDARD"/>
    <property name="sun.os.patch.level" value="unknown"/>
    <property name="maven.ignore.test.fail" value="true"/>
    <property name="java.vm.specification.name" value="Java Virtual Machine Specification"/>
    <property name="user.dir" value="/home/dchacon/gitRepo/jtest-spring-examples"/>
    <property name="java.runtime.version" value="1.8.0_191-8u191-b12-2ubuntu0.18.04.1-b12"/>
    <property name="java.awt.graphicsenv" value="sun.awt.X11GraphicsEnvironment"/>
    <property name="java.endorsed.dirs" value="/usr/lib/jvm/java-8-openjdk-amd64/jre/lib/endorsed"/>
    <property name="os.arch" value="amd64"/>
    <property name="java.io.tmpdir" value="/tmp"/>
    <property name="line.separator" value="
"/>
    <property name="java.vm.specification.vendor" value="Oracle Corporation"/>
    <property name="os.name" value="Linux"/>
    <property name="classworlds.conf" value="/usr/share/maven/bin/m2.conf"/>
    <property name="sun.jnu.encoding" value="UTF-8"/>
    <property name="java.library.path" value="/usr/java/packages/lib/amd64:/usr/lib/x86_64-linux-gnu/jni:/lib/x86_64-linux-gnu:/usr/lib/x86_64-linux-gnu:/usr/lib/jni:/lib:/usr/lib"/>
    <property name="maven.conf" value="/usr/share/maven/conf"/>
    <property name="java.specification.name" value="Java Platform API Specification"/>
    <property name="java.class.version" value="52.0"/>
    <property name="sun.management.compiler" value="HotSpot 64-Bit Tiered Compilers"/>
    <property name="os.version" value="4.15.0-47-generic"/>
    <property name="library.jansi.path" value="/usr/share/maven/lib/jansi-native"/>
    <property name="user.home" value="/home/dchacon"/>
    <property name="user.timezone" value="America/Los_Angeles"/>
    <property name="java.awt.printerjob" value="sun.print.PSPrinterJob"/>
    <property name="java.specification.version" value="1.8"/>
    <property name="file.encoding" value="UTF-8"/>
    <property name="user.name" value="dchacon"/>
    <property name="java.class.path" value="/usr/share/maven/boot/plexus-classworlds-2.x.jar"/>
    <property name="java.vm.specification.version" value="1.8"/>
    <property name="sun.arch.data.model" value="64"/>
    <property name="java.home" value="/usr/lib/jvm/java-8-openjdk-amd64/jre"/>
    <property name="sun.java.command" value="org.codehaus.plexus.classworlds.launcher.Launcher clean install -Dmaven.ignore.test.fail=true"/>
    <property name="java.specification.vendor" value="Oracle Corporation"/>
    <property name="user.language" value="en"/>
    <property name="awt.toolkit" value="sun.awt.X11.XToolkit"/>
    <property name="java.vm.info" value="mixed mode"/>
    <property name="java.version" value="1.8.0_191"/>
    <property name="java.ext.dirs" value="/usr/lib/jvm/java-8-openjdk-amd64/jre/lib/ext:/usr/java/packages/lib/ext"/>
    <property name="securerandom.source" value="file:/dev/./urandom"/>
    <property name="sun.boot.class.path" value="/usr/lib/jvm/java-8-openjdk-amd64/jre/lib/resources.jar:/usr/lib/jvm/java-8-openjdk-amd64/jre/lib/rt.jar:/usr/lib/jvm/java-8-openjdk-amd64/jre/lib/sunrsasign.jar:/usr/lib/jvm/java-8-openjdk-amd64/jre/lib/jsse.jar:/usr/lib/jvm/java-8-openjdk-amd64/jre/lib/jce.jar:/usr/lib/jvm/java-8-openjdk-amd64/jre/lib/charsets.jar:/usr/lib/jvm/java-8-openjdk-amd64/jre/lib/jfr.jar:/usr/lib/jvm/java-8-openjdk-amd64/jre/classes"/>
    <property name="java.vendor" value="Oracle Corporation"/>
    <property name="maven.home" value="/usr/share/maven"/>
    <property name="file.separator" value="/"/>
    <property name="java.vendor.url.bug" value="http://bugreport.sun.com/bugreport/"/>
    <property name="sun.cpu.endian" value="little"/>
    <property name="sun.io.unicode.encoding" value="UnicodeLittle"/>
    <property name="sun.desktop" value="gnome"/>
    <property name="sun.cpu.isalist" value=""/>
  </properties>
  <testcase classname="com.parasoft.examples.dao.BirdTest" name="deleteBirdTest" time="0">
    <error message="Expecting a stackmap frame at branch target 130
Exception Details:
  Location:
    com/parasoft/examples/dao/JdbcBirdDaoImpl.findById(I)Lcom/parasoft/examples/model/Bird; @8: aload_0
  Reason:
    Expected stackmap frame at this location.
  Bytecode:
    0x0000000: bb00 1f59 b700 204e 2ab4 0011 b900 2601
    0x0000010: 004d bb00 2859 b700 2912 2bb6 002f 1bb6
    0x0000020: 0032 b600 363a 042c 1904 b900 3c02 003a
    0x0000030: 0519 05b9 0042 0100 9900 3a2d 1905 1244
    0x0000040: b900 4802 00b6 004c 2d19 0512 4eb9 0048
    0x0000050: 0200 b600 512d 1905 1253 b900 5702 00b6
    0x0000060: 005b 2d19 0512 5db9 0061 0200 b600 65a7
    0x0000070: ffc2 1905 b900 6801 002c b900 6901 00a7
    0x0000080: 000a 3a04 1904 b600 6c2d b0            
  Exception Handler Table:
    bci [8, 127] =&gt; handler: 130
" type="java.lang.VerifyError">java.lang.VerifyError: Expecting a stackmap frame at branch target 130
Exception Details:
  Location:
    com/parasoft/examples/dao/JdbcBirdDaoImpl.findById(I)Lcom/parasoft/examples/model/Bird; @8: aload_0
  Reason:
    Expected stackmap frame at this location.
  Bytecode:
    0x0000000: bb00 1f59 b700 204e 2ab4 0011 b900 2601
    0x0000010: 004d bb00 2859 b700 2912 2bb6 002f 1bb6
    0x0000020: 0032 b600 363a 042c 1904 b900 3c02 003a
    0x0000030: 0519 05b9 0042 0100 9900 3a2d 1905 1244
    0x0000040: b900 4802 00b6 004c 2d19 0512 4eb9 0048
    0x0000050: 0200 b600 512d 1905 1253 b900 5702 00b6
    0x0000060: 005b 2d19 0512 5db9 0061 0200 b600 65a7
    0x0000070: ffc2 1905 b900 6801 002c b900 6901 00a7
    0x0000080: 000a 3a04 1904 b600 6c2d b0            
  Exception Handler Table:
    bci [8, 127] =&gt; handler: 130

	at com.parasoft.examples.dao.BirdTest.setupClass(BirdTest.java:28)
	at sun.reflect.NativeMethodAccessorImpl.invoke0(Native Method)
	at sun.reflect.NativeMethodAccessorImpl.invoke(NativeMethodAccessorImpl.java:62)
	at sun.reflect.DelegatingMethodAccessorImpl.invoke(DelegatingMethodAccessorImpl.java:43)
	at java.lang.reflect.Method.invoke(Method.java:498)
	at org.junit.runners.model.FrameworkMethod$1.runReflectiveCall(FrameworkMethod.java:50)
	at org.junit.internal.runners.model.ReflectiveCallable.run(ReflectiveCallable.java:12)
	at org.junit.runners.model.FrameworkMethod.invokeExplosively(FrameworkMethod.java:47)
	at org.junit.internal.runners.statements.RunBefores.evaluate(RunBefores.java:24)
	at org.junit.runners.ParentRunner.runLeaf(ParentRunner.java:325)
	at org.junit.runners.BlockJUnit4ClassRunner.runChild(BlockJUnit4ClassRunner.java:78)
	at org.junit.runners.BlockJUnit4ClassRunner.runChild(BlockJUnit4ClassRunner.java:57)
	at org.junit.runners.ParentRunner$3.run(ParentRunner.java:290)
	at org.junit.runners.ParentRunner$1.schedule(ParentRunner.java:71)
	at org.junit.runners.ParentRunner.runChildren(ParentRunner.java:288)
	at org.junit.runners.ParentRunner.access$000(ParentRunner.java:58)
	at org.junit.runners.ParentRunner$2.evaluate(ParentRunner.java:268)
	at org.junit.runners.ParentRunner.run(ParentRunner.java:363)
	at org.apache.maven.surefire.junit4.JUnit4Provider.execute(JUnit4Provider.java:252)
	at org.apache.maven.surefire.junit4.JUnit4Provider.executeTestSet(JUnit4Provider.java:141)
	at org.apache.maven.surefire.junit4.JUnit4Provider.invoke(JUnit4Provider.java:112)
	at sun.reflect.NativeMethodAccessorImpl.invoke0(Native Method)
	at sun.reflect.NativeMethodAccessorImpl.invoke(NativeMethodAccessorImpl.java:62)
	at sun.reflect.DelegatingMethodAccessorImpl.invoke(DelegatingMethodAccessorImpl.java:43)
	at java.lang.reflect.Method.invoke(Method.java:498)
	at org.apache.maven.surefire.util.ReflectionUtils.invokeMethodWithArray(ReflectionUtils.java:189)
	at org.apache.maven.surefire.booter.ProviderFactory$ProviderProxy.invoke(ProviderFactory.java:165)
	at org.apache.maven.surefire.booter.ProviderFactory.invokeProvider(ProviderFactory.java:85)
	at org.apache.maven.surefire.booter.ForkedBooter.runSuitesInProcess(ForkedBooter.java:115)
	at org.apache.maven.surefire.booter.ForkedBooter.main(ForkedBooter.java:75)
</error>
  </testcase>
  <testcase classname="com.parasoft.examples.dao.BirdTest" name="createBirdsTest" time="0">
    <error message="Expecting a stackmap frame at branch target 130
Exception Details:
  Location:
    com/parasoft/examples/dao/JdbcBirdDaoImpl.findById(I)Lcom/parasoft/examples/model/Bird; @8: aload_0
  Reason:
    Expected stackmap frame at this location.
  Bytecode:
    0x0000000: bb00 1f59 b700 204e 2ab4 0011 b900 2601
    0x0000010: 004d bb00 2859 b700 2912 2bb6 002f 1bb6
    0x0000020: 0032 b600 363a 042c 1904 b900 3c02 003a
    0x0000030: 0519 05b9 0042 0100 9900 3a2d 1905 1244
    0x0000040: b900 4802 00b6 004c 2d19 0512 4eb9 0048
    0x0000050: 0200 b600 512d 1905 1253 b900 5702 00b6
    0x0000060: 005b 2d19 0512 5db9 0061 0200 b600 65a7
    0x0000070: ffc2 1905 b900 6801 002c b900 6901 00a7
    0x0000080: 000a 3a04 1904 b600 6c2d b0            
  Exception Handler Table:
    bci [8, 127] =&gt; handler: 130
" type="java.lang.VerifyError">java.lang.VerifyError: Expecting a stackmap frame at branch target 130
Exception Details:
  Location:
    com/parasoft/examples/dao/JdbcBirdDaoImpl.findById(I)Lcom/parasoft/examples/model/Bird; @8: aload_0
  Reason:
    Expected stackmap frame at this location.
  Bytecode:
    0x0000000: bb00 1f59 b700 204e 2ab4 0011 b900 2601
    0x0000010: 004d bb00 2859 b700 2912 2bb6 002f 1bb6
    0x0000020: 0032 b600 363a 042c 1904 b900 3c02 003a
    0x0000030: 0519 05b9 0042 0100 9900 3a2d 1905 1244
    0x0000040: b900 4802 00b6 004c 2d19 0512 4eb9 0048
    0x0000050: 0200 b600 512d 1905 1253 b900 5702 00b6
    0x0000060: 005b 2d19 0512 5db9 0061 0200 b600 65a7
    0x0000070: ffc2 1905 b900 6801 002c b900 6901 00a7
    0x0000080: 000a 3a04 1904 b600 6c2d b0            
  Exception Handler Table:
    bci [8, 127] =&gt; handler: 130

	at com.parasoft.examples.dao.BirdTest.setupClass(BirdTest.java:28)
	at sun.reflect.NativeMethodAccessorImpl.invoke0(Native Method)
	at sun.reflect.NativeMethodAccessorImpl.invoke(NativeMethodAccessorImpl.java:62)
	at sun.reflect.DelegatingMethodAccessorImpl.invoke(DelegatingMethodAccessorImpl.java:43)
	at java.lang.reflect.Method.invoke(Method.java:498)
	at org.junit.runners.model.FrameworkMethod$1.runReflectiveCall(FrameworkMethod.java:50)
	at org.junit.internal.runners.model.ReflectiveCallable.run(ReflectiveCallable.java:12)
	at org.junit.runners.model.FrameworkMethod.invokeExplosively(FrameworkMethod.java:47)
	at org.junit.internal.runners.statements.RunBefores.evaluate(RunBefores.java:24)
	at org.junit.runners.ParentRunner.runLeaf(ParentRunner.java:325)
	at org.junit.runners.BlockJUnit4ClassRunner.runChild(BlockJUnit4ClassRunner.java:78)
	at org.junit.runners.BlockJUnit4ClassRunner.runChild(BlockJUnit4ClassRunner.java:57)
	at org.junit.runners.ParentRunner$3.run(ParentRunner.java:290)
	at org.junit.runners.ParentRunner$1.schedule(ParentRunner.java:71)
	at org.junit.runners.ParentRunner.runChildren(ParentRunner.java:288)
	at org.junit.runners.ParentRunner.access$000(ParentRunner.java:58)
	at org.junit.runners.ParentRunner$2.evaluate(ParentRunner.java:268)
	at org.junit.runners.ParentRunner.run(ParentRunner.java:363)
	at org.apache.maven.surefire.junit4.JUnit4Provider.execute(JUnit4Provider.java:252)
	at org.apache.maven.surefire.junit4.JUnit4Provider.executeTestSet(JUnit4Provider.java:141)
	at org.apache.maven.surefire.junit4.JUnit4Provider.invoke(JUnit4Provider.java:112)
	at sun.reflect.NativeMethodAccessorImpl.invoke0(Native Method)
	at sun.reflect.NativeMethodAccessorImpl.invoke(NativeMethodAccessorImpl.java:62)
	at sun.reflect.DelegatingMethodAccessorImpl.invoke(DelegatingMethodAccessorImpl.java:43)
	at java.lang.reflect.Method.invoke(Method.java:498)
	at org.apache.maven.surefire.util.ReflectionUtils.invokeMethodWithArray(ReflectionUtils.java:189)
	at org.apache.maven.surefire.booter.ProviderFactory$ProviderProxy.invoke(ProviderFactory.java:165)
	at org.apache.maven.surefire.booter.ProviderFactory.invokeProvider(ProviderFactory.java:85)
	at org.apache.maven.surefire.booter.ForkedBooter.runSuitesInProcess(ForkedBooter.java:115)
	at org.apache.maven.surefire.booter.ForkedBooter.main(ForkedBooter.java:75)
</error>
  </testcase>
  <testcase classname="com.parasoft.examples.dao.BirdTest" name="findBirdTest" time="0.001">
    <error message="Expecting a stackmap frame at branch target 130
Exception Details:
  Location:
    com/parasoft/examples/dao/JdbcBirdDaoImpl.findById(I)Lcom/parasoft/examples/model/Bird; @8: aload_0
  Reason:
    Expected stackmap frame at this location.
  Bytecode:
    0x0000000: bb00 1f59 b700 204e 2ab4 0011 b900 2601
    0x0000010: 004d bb00 2859 b700 2912 2bb6 002f 1bb6
    0x0000020: 0032 b600 363a 042c 1904 b900 3c02 003a
    0x0000030: 0519 05b9 0042 0100 9900 3a2d 1905 1244
    0x0000040: b900 4802 00b6 004c 2d19 0512 4eb9 0048
    0x0000050: 0200 b600 512d 1905 1253 b900 5702 00b6
    0x0000060: 005b 2d19 0512 5db9 0061 0200 b600 65a7
    0x0000070: ffc2 1905 b900 6801 002c b900 6901 00a7
    0x0000080: 000a 3a04 1904 b600 6c2d b0            
  Exception Handler Table:
    bci [8, 127] =&gt; handler: 130
" type="java.lang.VerifyError">java.lang.VerifyError: Expecting a stackmap frame at branch target 130
Exception Details:
  Location:
    com/parasoft/examples/dao/JdbcBirdDaoImpl.findById(I)Lcom/parasoft/examples/model/Bird; @8: aload_0
  Reason:
    Expected stackmap frame at this location.
  Bytecode:
    0x0000000: bb00 1f59 b700 204e 2ab4 0011 b900 2601
    0x0000010: 004d bb00 2859 b700 2912 2bb6 002f 1bb6
    0x0000020: 0032 b600 363a 042c 1904 b900 3c02 003a
    0x0000030: 0519 05b9 0042 0100 9900 3a2d 1905 1244
    0x0000040: b900 4802 00b6 004c 2d19 0512 4eb9 0048
    0x0000050: 0200 b600 512d 1905 1253 b900 5702 00b6
    0x0000060: 005b 2d19 0512 5db9 0061 0200 b600 65a7
    0x0000070: ffc2 1905 b900 6801 002c b900 6901 00a7
    0x0000080: 000a 3a04 1904 b600 6c2d b0            
  Exception Handler Table:
    bci [8, 127] =&gt; handler: 130

	at com.parasoft.examples.dao.BirdTest.setupClass(BirdTest.java:28)
	at sun.reflect.NativeMethodAccessorImpl.invoke0(Native Method)
	at sun.reflect.NativeMethodAccessorImpl.invoke(NativeMethodAccessorImpl.java:62)
	at sun.reflect.DelegatingMethodAccessorImpl.invoke(DelegatingMethodAccessorImpl.java:43)
	at java.lang.reflect.Method.invoke(Method.java:498)
	at org.junit.runners.model.FrameworkMethod$1.runReflectiveCall(FrameworkMethod.java:50)
	at org.junit.internal.runners.model.ReflectiveCallable.run(ReflectiveCallable.java:12)
	at org.junit.runners.model.FrameworkMethod.invokeExplosively(FrameworkMethod.java:47)
	at org.junit.internal.runners.statements.RunBefores.evaluate(RunBefores.java:24)
	at org.junit.runners.ParentRunner.runLeaf(ParentRunner.java:325)
	at org.junit.runners.BlockJUnit4ClassRunner.runChild(BlockJUnit4ClassRunner.java:78)
	at org.junit.runners.BlockJUnit4ClassRunner.runChild(BlockJUnit4ClassRunner.java:57)
	at org.junit.runners.ParentRunner$3.run(ParentRunner.java:290)
	at org.junit.runners.ParentRunner$1.schedule(ParentRunner.java:71)
	at org.junit.runners.ParentRunner.runChildren(ParentRunner.java:288)
	at org.junit.runners.ParentRunner.access$000(ParentRunner.java:58)
	at org.junit.runners.ParentRunner$2.evaluate(ParentRunner.java:268)
	at org.junit.runners.ParentRunner.run(ParentRunner.java:363)
	at org.apache.maven.surefire.junit4.JUnit4Provider.execute(JUnit4Provider.java:252)
	at org.apache.maven.surefire.junit4.JUnit4Provider.executeTestSet(JUnit4Provider.java:141)
	at org.apache.maven.surefire.junit4.JUnit4Provider.invoke(JUnit4Provider.java:112)
	at sun.reflect.NativeMethodAccessorImpl.invoke0(Native Method)
	at sun.reflect.NativeMethodAccessorImpl.invoke(NativeMethodAccessorImpl.java:62)
	at sun.reflect.DelegatingMethodAccessorImpl.invoke(DelegatingMethodAccessorImpl.java:43)
	at java.lang.reflect.Method.invoke(Method.java:498)
	at org.apache.maven.surefire.util.ReflectionUtils.invokeMethodWithArray(ReflectionUtils.java:189)
	at org.apache.maven.surefire.booter.ProviderFactory$ProviderProxy.invoke(ProviderFactory.java:165)
	at org.apache.maven.surefire.booter.ProviderFactory.invokeProvider(ProviderFactory.java:85)
	at org.apache.maven.surefire.booter.ForkedBooter.runSuitesInProcess(ForkedBooter.java:115)
	at org.apache.maven.surefire.booter.ForkedBooter.main(ForkedBooter.java:75)
</error>
  </testcase>
  <testcase classname="com.parasoft.examples.dao.BirdTest" name="updateBirdTest" time="0">
    <error message="Expecting a stackmap frame at branch target 130
Exception Details:
  Location:
    com/parasoft/examples/dao/JdbcBirdDaoImpl.findById(I)Lcom/parasoft/examples/model/Bird; @8: aload_0
  Reason:
    Expected stackmap frame at this location.
  Bytecode:
    0x0000000: bb00 1f59 b700 204e 2ab4 0011 b900 2601
    0x0000010: 004d bb00 2859 b700 2912 2bb6 002f 1bb6
    0x0000020: 0032 b600 363a 042c 1904 b900 3c02 003a
    0x0000030: 0519 05b9 0042 0100 9900 3a2d 1905 1244
    0x0000040: b900 4802 00b6 004c 2d19 0512 4eb9 0048
    0x0000050: 0200 b600 512d 1905 1253 b900 5702 00b6
    0x0000060: 005b 2d19 0512 5db9 0061 0200 b600 65a7
    0x0000070: ffc2 1905 b900 6801 002c b900 6901 00a7
    0x0000080: 000a 3a04 1904 b600 6c2d b0            
  Exception Handler Table:
    bci [8, 127] =&gt; handler: 130
" type="java.lang.VerifyError">java.lang.VerifyError: Expecting a stackmap frame at branch target 130
Exception Details:
  Location:
    com/parasoft/examples/dao/JdbcBirdDaoImpl.findById(I)Lcom/parasoft/examples/model/Bird; @8: aload_0
  Reason:
    Expected stackmap frame at this location.
  Bytecode:
    0x0000000: bb00 1f59 b700 204e 2ab4 0011 b900 2601
    0x0000010: 004d bb00 2859 b700 2912 2bb6 002f 1bb6
    0x0000020: 0032 b600 363a 042c 1904 b900 3c02 003a
    0x0000030: 0519 05b9 0042 0100 9900 3a2d 1905 1244
    0x0000040: b900 4802 00b6 004c 2d19 0512 4eb9 0048
    0x0000050: 0200 b600 512d 1905 1253 b900 5702 00b6
    0x0000060: 005b 2d19 0512 5db9 0061 0200 b600 65a7
    0x0000070: ffc2 1905 b900 6801 002c b900 6901 00a7
    0x0000080: 000a 3a04 1904 b600 6c2d b0            
  Exception Handler Table:
    bci [8, 127] =&gt; handler: 130

	at com.parasoft.examples.dao.BirdTest.setupClass(BirdTest.java:28)
	at sun.reflect.NativeMethodAccessorImpl.invoke0(Native Method)
	at sun.reflect.NativeMethodAccessorImpl.invoke(NativeMethodAccessorImpl.java:62)
	at sun.reflect.DelegatingMethodAccessorImpl.invoke(DelegatingMethodAccessorImpl.java:43)
	at java.lang.reflect.Method.invoke(Method.java:498)
	at org.junit.runners.model.FrameworkMethod$1.runReflectiveCall(FrameworkMethod.java:50)
	at org.junit.internal.runners.model.ReflectiveCallable.run(ReflectiveCallable.java:12)
	at org.junit.runners.model.FrameworkMethod.invokeExplosively(FrameworkMethod.java:47)
	at org.junit.internal.runners.statements.RunBefores.evaluate(RunBefores.java:24)
	at org.junit.runners.ParentRunner.runLeaf(ParentRunner.java:325)
	at org.junit.runners.BlockJUnit4ClassRunner.runChild(BlockJUnit4ClassRunner.java:78)
	at org.junit.runners.BlockJUnit4ClassRunner.runChild(BlockJUnit4ClassRunner.java:57)
	at org.junit.runners.ParentRunner$3.run(ParentRunner.java:290)
	at org.junit.runners.ParentRunner$1.schedule(ParentRunner.java:71)
	at org.junit.runners.ParentRunner.runChildren(ParentRunner.java:288)
	at org.junit.runners.ParentRunner.access$000(ParentRunner.java:58)
	at org.junit.runners.ParentRunner$2.evaluate(ParentRunner.java:268)
	at org.junit.runners.ParentRunner.run(ParentRunner.java:363)
	at org.apache.maven.surefire.junit4.JUnit4Provider.execute(JUnit4Provider.java:252)
	at org.apache.maven.surefire.junit4.JUnit4Provider.executeTestSet(JUnit4Provider.java:141)
	at org.apache.maven.surefire.junit4.JUnit4Provider.invoke(JUnit4Provider.java:112)
	at sun.reflect.NativeMethodAccessorImpl.invoke0(Native Method)
	at sun.reflect.NativeMethodAccessorImpl.invoke(NativeMethodAccessorImpl.java:62)
	at sun.reflect.DelegatingMethodAccessorImpl.invoke(DelegatingMethodAccessorImpl.java:43)
	at java.lang.reflect.Method.invoke(Method.java:498)
	at org.apache.maven.surefire.util.ReflectionUtils.invokeMethodWithArray(ReflectionUtils.java:189)
	at org.apache.maven.surefire.booter.ProviderFactory$ProviderProxy.invoke(ProviderFactory.java:165)
	at org.apache.maven.surefire.booter.ProviderFactory.invokeProvider(ProviderFactory.java:85)
	at org.apache.maven.surefire.booter.ForkedBooter.runSuitesInProcess(ForkedBooter.java:115)
	at org.apache.maven.surefire.booter.ForkedBooter.main(ForkedBooter.java:75)
</error>
  </testcase>
</testsuite>