<?xml version="1.0" encoding="UTF-8" ?>
<testsuite tests="2" failures="0" name="com.parasoft.examples.model.jpa.AutomobileTest" time="0.002" errors="2" skipped="0">
  <properties>
[...]
</properties>
  <testcase classname="com.parasoft.examples.model.jpa.AutomobileTest" name="com.parasoft.examples.model.jpa.AutomobileTest" time="0.001">
    <error message="Expecting a stackmap frame at branch target 37
Exception Details:
  Location:
    org/hibernate/jpa/HibernatePersistenceProvider.createEntityManagerFactory(Ljava/lang/String;Ljava/util/Map;)Ljavax/persistence/EntityManagerFactory; @9: aload_0
  Reason:
    Expected stackmap frame at this location.
  Bytecode:
    0x0000000: b200 2a12 2c2b b600 322a 2b2c b600 364e
    0x0000010: 2dc7 000d b200 2a12 38b6 003c 01b0 2db9
    0x0000020: 0042 0100 b04e 2dbf 4eb2 002a 1244 2db6
    0x0000030: 0048 bb00 2659 1244 2db7 004b bf       
  Exception Handler Table:
    bci [9, 29] =&gt; handler: 37
    bci [30, 36] =&gt; handler: 37
    bci [9, 29] =&gt; handler: 40
    bci [30, 36] =&gt; handler: 40
" type="java.lang.VerifyError">java.lang.VerifyError: Expecting a stackmap frame at branch target 37
Exception Details:
  Location:
    org/hibernate/jpa/HibernatePersistenceProvider.createEntityManagerFactory(Ljava/lang/String;Ljava/util/Map;)Ljavax/persistence/EntityManagerFactory; @9: aload_0
  Reason:
    Expected stackmap frame at this location.
  Bytecode:
    0x0000000: b200 2a12 2c2b b600 322a 2b2c b600 364e
    0x0000010: 2dc7 000d b200 2a12 38b6 003c 01b0 2db9
    0x0000020: 0042 0100 b04e 2dbf 4eb2 002a 1244 2db6
    0x0000030: 0048 bb00 2659 1244 2db7 004b bf       
  Exception Handler Table:
    bci [9, 29] =&gt; handler: 37
    bci [30, 36] =&gt; handler: 37
    bci [9, 29] =&gt; handler: 40
    bci [30, 36] =&gt; handler: 40

	at java.lang.Class.getDeclaredConstructors0(Native Method)
	at java.lang.Class.privateGetDeclaredConstructors(Class.java:2671)
	at java.lang.Class.getConstructor0(Class.java:3075)
	at java.lang.Class.newInstance(Class.java:412)
	at javax.persistence.spi.PersistenceProviderResolverHolder$PersistenceProviderResolverPerClassLoader$CachingPersistenceProviderResolver.getPersistenceProviders(PersistenceProviderResolverHolder.java:177)
	at javax.persistence.spi.PersistenceProviderResolverHolder$PersistenceProviderResolverPerClassLoader.getPersistenceProviders(PersistenceProviderResolverHolder.java:84)
	at javax.persistence.Persistence.getProviders(Persistence.java:69)
	at javax.persistence.Persistence.createEntityManagerFactory(Persistence.java:53)
	at javax.persistence.Persistence.createEntityManagerFactory(Persistence.java:39)
	at com.parasoft.examples.model.jpa.AutomobileTest.setupClass(AutomobileTest.java:33)
	at sun.reflect.NativeMethodAccessorImpl.invoke0(Native Method)
	at sun.reflect.NativeMethodAccessorImpl.invoke(NativeMethodAccessorImpl.java:62)
	at sun.reflect.DelegatingMethodAccessorImpl.invoke(DelegatingMethodAccessorImpl.java:43)
	at java.lang.reflect.Method.invoke(Method.java:498)
	at org.junit.runners.model.FrameworkMethod$1.runReflectiveCall(FrameworkMethod.java:50)
	at org.junit.internal.runners.model.ReflectiveCallable.run(ReflectiveCallable.java:12)
	at org.junit.runners.model.FrameworkMethod.invokeExplosively(FrameworkMethod.java:47)
	at org.junit.internal.runners.statements.RunBefores.evaluate(RunBefores.java:24)
	at org.junit.internal.runners.statements.RunAfters.evaluate(RunAfters.java:27)
	at org.junit.runners.ParentRunner.run(ParentRunner.java:363)
	at org.apache.maven.surefire.junit4.JUnit4Provider.execute(JUnit4Provider.java:252)
	at org.apache.maven.surefire.junit4.JUnit4Provider.executeTestSet(JUnit4Provider.java:141)
	at org.apache.maven.surefire.junit4.JUnit4Provider.invoke(JUnit4Provider.java:112)
	at sun.reflect.NativeMethodAccessorImpl.invoke0(Native Method)
	at sun.reflect.NativeMethodAccessorImpl.invoke(NativeMethodAccessorImpl.java:62)
	at sun.reflect.DelegatingMethodAccessorImpl.invoke(DelegatingMethodAccessorImpl.java:43)
	at java.lang.reflect.Method.invoke(Method.java:498)
	at org.apache.maven.surefire.util.ReflectionUtils.invokeMethodWithArray(ReflectionUtils.java:189)
	at org.apache.maven.surefire.booter.ProviderFactory$ProviderProxy.invoke(ProviderFactory.java:165)
	at org.apache.maven.surefire.booter.ProviderFactory.invokeProvider(ProviderFactory.java:85)
	at org.apache.maven.surefire.booter.ForkedBooter.runSuitesInProcess(ForkedBooter.java:115)
	at org.apache.maven.surefire.booter.ForkedBooter.main(ForkedBooter.java:75)
</error>
    <system-out>Creating EntityManagerFactory for Persistence Unit &apos;entityMgrEx&apos;
Closing EntityManagerFactory
</system-out>
  </testcase>
  <testcase classname="com.parasoft.examples.model.jpa.AutomobileTest" name="com.parasoft.examples.model.jpa.AutomobileTest" time="0.001">
    <error type="java.lang.NullPointerException">java.lang.NullPointerException
	at com.parasoft.examples.model.jpa.AutomobileTest.teardownClass(AutomobileTest.java:40)
	at sun.reflect.NativeMethodAccessorImpl.invoke0(Native Method)
	at sun.reflect.NativeMethodAccessorImpl.invoke(NativeMethodAccessorImpl.java:62)
	at sun.reflect.DelegatingMethodAccessorImpl.invoke(DelegatingMethodAccessorImpl.java:43)
	at java.lang.reflect.Method.invoke(Method.java:498)
	at org.junit.runners.model.FrameworkMethod$1.runReflectiveCall(FrameworkMethod.java:50)
	at org.junit.internal.runners.model.ReflectiveCallable.run(ReflectiveCallable.java:12)
	at org.junit.runners.model.FrameworkMethod.invokeExplosively(FrameworkMethod.java:47)
	at org.junit.internal.runners.statements.RunAfters.evaluate(RunAfters.java:33)
	at org.junit.runners.ParentRunner.run(ParentRunner.java:363)
	at org.apache.maven.surefire.junit4.JUnit4Provider.execute(JUnit4Provider.java:252)
	at org.apache.maven.surefire.junit4.JUnit4Provider.executeTestSet(JUnit4Provider.java:141)
	at org.apache.maven.surefire.junit4.JUnit4Provider.invoke(JUnit4Provider.java:112)
	at sun.reflect.NativeMethodAccessorImpl.invoke0(Native Method)
	at sun.reflect.NativeMethodAccessorImpl.invoke(NativeMethodAccessorImpl.java:62)
	at sun.reflect.DelegatingMethodAccessorImpl.invoke(DelegatingMethodAccessorImpl.java:43)
	at java.lang.reflect.Method.invoke(Method.java:498)
	at org.apache.maven.surefire.util.ReflectionUtils.invokeMethodWithArray(ReflectionUtils.java:189)
	at org.apache.maven.surefire.booter.ProviderFactory$ProviderProxy.invoke(ProviderFactory.java:165)
	at org.apache.maven.surefire.booter.ProviderFactory.invokeProvider(ProviderFactory.java:85)
	at org.apache.maven.surefire.booter.ForkedBooter.runSuitesInProcess(ForkedBooter.java:115)
	at org.apache.maven.surefire.booter.ForkedBooter.main(ForkedBooter.java:75)
</error>
  </testcase>
</testsuite>